<?xml version="1.0" encoding="UTF-8"?>
<coverage generated="1505304547354" clover="3.2.0">
  <project timestamp="1505304547354" name="All files">
    <metrics statements="268" coveredstatements="67" conditionals="191" coveredconditionals="37" methods="56" coveredmethods="17" elements="515" coveredelements="121" complexity="0" loc="268" ncloc="268" packages="6" files="8" classes="8">
      <package name="layout.lib">
        <metrics statements="21" coveredstatements="1" conditionals="11" coveredconditionals="0" methods="8" coveredmethods="0"/>
        <file name="blazeLayout.js" path="/home/esksami/School/Olga-Verkkokauppa/imports/plugins/core/layout/lib/blazeLayout.js">
          <metrics statements="16" coveredstatements="0" conditionals="8" coveredconditionals="0" methods="5" coveredmethods="0"/>
          <line num="15" count="0" type="cond" truecount="0" falsecount="2"/>
          <line num="16" count="0" type="stmt"/>
          <line num="17" count="0" type="stmt"/>
          <line num="22" count="0" type="stmt"/>
          <line num="25" count="0" type="stmt"/>
          <line num="27" count="0" type="cond" truecount="0" falsecount="2"/>
          <line num="28" count="0" type="stmt"/>
          <line num="29" count="0" type="cond" truecount="0" falsecount="2"/>
          <line num="30" count="0" type="stmt"/>
          <line num="34" count="0" type="cond" truecount="0" falsecount="2"/>
          <line num="35" count="0" type="stmt"/>
          <line num="37" count="0" type="stmt"/>
          <line num="43" count="0" type="stmt"/>
          <line num="45" count="0" type="stmt"/>
          <line num="52" count="0" type="stmt"/>
          <line num="56" count="0" type="stmt"/>
        </file>
        <file name="components.js" path="/home/esksami/School/Olga-Verkkokauppa/imports/plugins/core/layout/lib/components.js">
          <metrics statements="5" coveredstatements="1" conditionals="3" coveredconditionals="0" methods="3" coveredmethods="0"/>
          <line num="3" count="1" type="stmt"/>
          <line num="6" count="0" type="stmt"/>
          <line num="13" count="0" type="stmt"/>
          <line num="14" count="0" type="cond" truecount="0" falsecount="3"/>
          <line num="18" count="0" type="stmt"/>
        </file>
      </package>
      <package name="orders.client.components">
        <metrics statements="17" coveredstatements="7" conditionals="14" coveredconditionals="5" methods="4" coveredmethods="3"/>
        <file name="orderSummary.js" path="/home/esksami/School/Olga-Verkkokauppa/imports/plugins/core/orders/client/components/orderSummary.js">
          <metrics statements="17" coveredstatements="7" conditionals="14" coveredconditionals="5" methods="4" coveredmethods="3"/>
          <line num="17" count="1" type="stmt"/>
          <line num="19" count="1" type="cond" truecount="1" falsecount="1"/>
          <line num="20" count="1" type="stmt"/>
          <line num="21" count="0" type="cond" truecount="0" falsecount="2"/>
          <line num="22" count="0" type="stmt"/>
          <line num="23" count="0" type="cond" truecount="0" falsecount="2"/>
          <line num="24" count="0" type="stmt"/>
          <line num="25" count="0" type="cond" truecount="0" falsecount="2"/>
          <line num="26" count="0" type="stmt"/>
          <line num="29" count="0" type="stmt"/>
          <line num="33" count="1" type="stmt"/>
          <line num="34" count="1" type="stmt"/>
          <line num="38" count="0" type="stmt"/>
          <line num="39" count="0" type="stmt"/>
          <line num="41" count="0" type="stmt"/>
          <line num="45" count="1" type="stmt"/>
          <line num="47" count="1" type="stmt"/>
        </file>
      </package>
      <package name="router.lib">
        <metrics statements="199" coveredstatements="36" conditionals="148" coveredconditionals="22" methods="33" coveredmethods="6"/>
        <file name="hooks.js" path="/home/esksami/School/Olga-Verkkokauppa/imports/plugins/core/router/lib/hooks.js">
          <metrics statements="28" coveredstatements="1" conditionals="24" coveredconditionals="0" methods="3" coveredmethods="0"/>
          <line num="5" count="1" type="stmt"/>
          <line num="12" count="0" type="cond" truecount="0" falsecount="2"/>
          <line num="13" count="0" type="stmt"/>
          <line num="15" count="0" type="stmt"/>
          <line num="19" count="0" type="cond" truecount="0" falsecount="2"/>
          <line num="20" count="0" type="stmt"/>
          <line num="21" count="0" type="stmt"/>
          <line num="24" count="0" type="stmt"/>
          <line num="29" count="0" type="cond" truecount="0" falsecount="2"/>
          <line num="30" count="0" type="stmt"/>
          <line num="31" count="0" type="stmt"/>
          <line num="34" count="0" type="stmt"/>
          <line num="40" count="0" type="cond" truecount="0" falsecount="4"/>
          <line num="41" count="0" type="stmt"/>
          <line num="42" count="0" type="stmt"/>
          <line num="45" count="0" type="stmt"/>
          <line num="50" count="0" type="cond" truecount="0" falsecount="4"/>
          <line num="51" count="0" type="stmt"/>
          <line num="52" count="0" type="stmt"/>
          <line num="55" count="0" type="stmt"/>
          <line num="59" count="0" type="cond" truecount="0" falsecount="2"/>
          <line num="60" count="0" type="stmt"/>
          <line num="61" count="0" type="cond" truecount="0" falsecount="4"/>
          <line num="65" count="0" type="stmt"/>
          <line num="66" count="0" type="cond" truecount="0" falsecount="4"/>
          <line num="67" count="0" type="stmt"/>
          <line num="68" count="0" type="stmt"/>
          <line num="71" count="0" type="stmt"/>
        </file>
        <file name="router.js" path="/home/esksami/School/Olga-Verkkokauppa/imports/plugins/core/router/lib/router.js">
          <metrics statements="171" coveredstatements="35" conditionals="124" coveredconditionals="22" methods="30" coveredmethods="6"/>
          <line num="25" count="1" type="stmt"/>
          <line num="26" count="1" type="stmt"/>
          <line num="27" count="1" type="stmt"/>
          <line num="30" count="1" type="cond" truecount="1" falsecount="1"/>
          <line num="31" count="0" type="stmt"/>
          <line num="33" count="1" type="stmt"/>
          <line num="45" count="0" type="stmt"/>
          <line num="49" count="0" type="stmt"/>
          <line num="53" count="0" type="stmt"/>
          <line num="54" count="0" type="stmt"/>
          <line num="58" count="0" type="stmt"/>
          <line num="62" count="0" type="stmt"/>
          <line num="66" count="6" type="stmt"/>
          <line num="70" count="12" type="stmt"/>
          <line num="71" count="12" type="stmt"/>
          <line num="75" count="1" type="stmt"/>
          <line num="77" count="1" type="cond" truecount="2" falsecount="1"/>
          <line num="81" count="1" type="stmt"/>
          <line num="82" count="1" type="stmt"/>
          <line num="84" count="1" type="cond" truecount="2" falsecount="1"/>
          <line num="88" count="1" type="stmt"/>
          <line num="89" count="1" type="stmt"/>
          <line num="91" count="1" type="cond" truecount="2" falsecount="1"/>
          <line num="95" count="0" type="stmt"/>
          <line num="96" count="0" type="stmt"/>
          <line num="98" count="0" type="stmt"/>
          <line num="99" count="0" type="cond" truecount="0" falsecount="4"/>
          <line num="100" count="0" type="stmt"/>
          <line num="104" count="0" type="stmt"/>
          <line num="108" count="0" type="stmt"/>
          <line num="119" count="1" type="cond" truecount="0" falsecount="1"/>
          <line num="130" count="0" type="stmt"/>
          <line num="131" count="0" type="cond" truecount="0" falsecount="2"/>
          <line num="132" count="0" type="stmt"/>
          <line num="134" count="0" type="stmt"/>
          <line num="137" count="0" type="cond" truecount="0" falsecount="2"/>
          <line num="143" count="0" type="cond" truecount="0" falsecount="3"/>
          <line num="146" count="0" type="stmt"/>
          <line num="149" count="0" type="stmt"/>
          <line num="153" count="0" type="stmt"/>
          <line num="156" count="0" type="cond" truecount="0" falsecount="4"/>
          <line num="157" count="0" type="stmt"/>
          <line num="161" count="0" type="stmt"/>
          <line num="164" count="0" type="stmt"/>
          <line num="168" count="1" type="stmt"/>
          <line num="171" count="0" type="stmt"/>
          <line num="172" count="0" type="cond" truecount="0" falsecount="4"/>
          <line num="173" count="0" type="stmt"/>
          <line num="175" count="0" type="stmt"/>
          <line num="183" count="0" type="cond" truecount="0" falsecount="2"/>
          <line num="184" count="0" type="stmt"/>
          <line num="189" count="0" type="cond" truecount="0" falsecount="2"/>
          <line num="190" count="0" type="stmt"/>
          <line num="191" count="0" type="cond" truecount="0" falsecount="2"/>
          <line num="192" count="0" type="stmt"/>
          <line num="193" count="0" type="stmt"/>
          <line num="197" count="0" type="stmt"/>
          <line num="200" count="0" type="stmt"/>
          <line num="203" count="1" type="stmt"/>
          <line num="204" count="0" type="stmt"/>
          <line num="211" count="0" type="cond" truecount="0" falsecount="2"/>
          <line num="212" count="0" type="stmt"/>
          <line num="216" count="1" type="stmt"/>
          <line num="217" count="0" type="stmt"/>
          <line num="219" count="0" type="cond" truecount="0" falsecount="2"/>
          <line num="220" count="0" type="cond" truecount="0" falsecount="2"/>
          <line num="231" count="1" type="stmt"/>
          <line num="232" count="3" type="stmt"/>
          <line num="233" count="3" type="stmt"/>
          <line num="234" count="3" type="stmt"/>
          <line num="236" count="3" type="cond" truecount="1" falsecount="1"/>
          <line num="237" count="3" type="stmt"/>
          <line num="239" count="3" type="cond" truecount="4" falsecount="0"/>
          <line num="240" count="2" type="stmt"/>
          <line num="244" count="3" type="cond" truecount="5" falsecount="0"/>
          <line num="246" count="1" type="stmt"/>
          <line num="247" count="2" type="cond" truecount="4" falsecount="0"/>
          <line num="249" count="1" type="stmt"/>
          <line num="250" count="1" type="cond" truecount="1" falsecount="1"/>
          <line num="252" count="1" type="stmt"/>
          <line num="256" count="0" type="stmt"/>
          <line num="266" count="0" type="stmt"/>
          <line num="268" count="0" type="cond" truecount="0" falsecount="4"/>
          <line num="269" count="0" type="stmt"/>
          <line num="270" count="0" type="cond" truecount="0" falsecount="2"/>
          <line num="271" count="0" type="stmt"/>
          <line num="274" count="0" type="stmt"/>
          <line num="288" count="0" type="cond" truecount="0" falsecount="4"/>
          <line num="289" count="0" type="cond" truecount="0" falsecount="2"/>
          <line num="290" count="0" type="stmt"/>
          <line num="291" count="0" type="cond" truecount="0" falsecount="2"/>
          <line num="292" count="0" type="stmt"/>
          <line num="294" count="0" type="stmt"/>
          <line num="297" count="0" type="stmt"/>
          <line num="298" count="0" type="stmt"/>
          <line num="300" count="0" type="stmt"/>
          <line num="311" count="0" type="cond" truecount="0" falsecount="3"/>
          <line num="312" count="0" type="cond" truecount="0" falsecount="3"/>
          <line num="313" count="0" type="cond" truecount="0" falsecount="5"/>
          <line num="314" count="0" type="stmt"/>
          <line num="316" count="0" type="stmt"/>
          <line num="330" count="0" type="stmt"/>
          <line num="335" count="0" type="cond" truecount="0" falsecount="3"/>
          <line num="336" count="0" type="cond" truecount="0" falsecount="3"/>
          <line num="340" count="0" type="stmt"/>
          <line num="352" count="0" type="cond" truecount="0" falsecount="2"/>
          <line num="353" count="0" type="stmt"/>
          <line num="354" count="0" type="stmt"/>
          <line num="356" count="0" type="cond" truecount="0" falsecount="4"/>
          <line num="357" count="0" type="stmt"/>
          <line num="372" count="0" type="stmt"/>
          <line num="374" count="0" type="cond" truecount="0" falsecount="2"/>
          <line num="375" count="0" type="stmt"/>
          <line num="380" count="0" type="cond" truecount="0" falsecount="4"/>
          <line num="381" count="0" type="stmt"/>
          <line num="387" count="0" type="stmt"/>
          <line num="390" count="0" type="stmt"/>
          <line num="391" count="0" type="stmt"/>
          <line num="392" count="0" type="stmt"/>
          <line num="398" count="0" type="cond" truecount="0" falsecount="4"/>
          <line num="399" count="0" type="stmt"/>
          <line num="402" count="0" type="cond" truecount="0" falsecount="2"/>
          <line num="403" count="0" type="stmt"/>
          <line num="407" count="0" type="cond" truecount="0" falsecount="2"/>
          <line num="408" count="0" type="stmt"/>
          <line num="416" count="0" type="stmt"/>
          <line num="428" count="1" type="stmt"/>
          <line num="430" count="0" type="stmt"/>
          <line num="431" count="0" type="stmt"/>
          <line num="433" count="0" type="stmt"/>
          <line num="434" count="0" type="stmt"/>
          <line num="436" count="0" type="stmt"/>
          <line num="437" count="0" type="stmt"/>
          <line num="438" count="0" type="stmt"/>
          <line num="443" count="0" type="stmt"/>
          <line num="445" count="0" type="stmt"/>
          <line num="446" count="0" type="cond" truecount="0" falsecount="2"/>
          <line num="447" count="0" type="stmt"/>
          <line num="449" count="0" type="stmt"/>
          <line num="452" count="0" type="stmt"/>
          <line num="453" count="0" type="stmt"/>
          <line num="456" count="0" type="stmt"/>
          <line num="468" count="0" type="stmt"/>
          <line num="480" count="0" type="stmt"/>
          <line num="481" count="0" type="stmt"/>
          <line num="483" count="0" type="cond" truecount="0" falsecount="4"/>
          <line num="484" count="0" type="stmt"/>
          <line num="485" count="0" type="stmt"/>
          <line num="487" count="0" type="cond" truecount="0" falsecount="2"/>
          <line num="495" count="0" type="stmt"/>
          <line num="498" count="0" type="stmt"/>
          <line num="502" count="0" type="stmt"/>
          <line num="503" count="0" type="stmt"/>
          <line num="519" count="0" type="stmt"/>
          <line num="526" count="0" type="stmt"/>
          <line num="529" count="0" type="stmt"/>
          <line num="531" count="0" type="cond" truecount="0" falsecount="2"/>
          <line num="532" count="0" type="stmt"/>
          <line num="533" count="0" type="stmt"/>
          <line num="534" count="0" type="cond" truecount="0" falsecount="2"/>
          <line num="535" count="0" type="stmt"/>
          <line num="537" count="0" type="stmt"/>
          <line num="538" count="0" type="stmt"/>
          <line num="541" count="0" type="stmt"/>
          <line num="553" count="0" type="stmt"/>
          <line num="554" count="0" type="stmt"/>
          <line num="555" count="0" type="stmt"/>
          <line num="565" count="0" type="stmt"/>
          <line num="566" count="0" type="stmt"/>
          <line num="567" count="0" type="stmt"/>
          <line num="569" count="0" type="stmt"/>
        </file>
      </package>
      <package name="ui.client.components.badge">
        <metrics statements="11" coveredstatements="9" conditionals="10" coveredconditionals="8" methods="3" coveredmethods="3"/>
        <file name="badge.js" path="/home/esksami/School/Olga-Verkkokauppa/imports/plugins/core/ui/client/components/badge/badge.js">
          <metrics statements="11" coveredstatements="9" conditionals="10" coveredconditionals="8" methods="3" coveredmethods="3"/>
          <line num="8" count="1" type="stmt"/>
          <line num="12" count="1" type="cond" truecount="1" falsecount="1"/>
          <line num="13" count="1" type="cond" truecount="1" falsecount="1"/>
          <line num="14" count="1" type="stmt"/>
          <line num="21" count="0" type="stmt"/>
          <line num="28" count="0" type="stmt"/>
          <line num="32" count="1" type="stmt"/>
          <line num="34" count="1" type="stmt"/>
          <line num="49" count="1" type="stmt"/>
          <line num="57" count="1" type="stmt"/>
          <line num="65" count="1" type="stmt"/>
        </file>
      </package>
      <package name="ui.client.components.clickToCopy">
        <metrics statements="16" coveredstatements="10" conditionals="6" coveredconditionals="1" methods="7" coveredmethods="4"/>
        <file name="clickToCopy.js" path="/home/esksami/School/Olga-Verkkokauppa/imports/plugins/core/ui/client/components/clickToCopy/clickToCopy.js">
          <metrics statements="16" coveredstatements="10" conditionals="6" coveredconditionals="1" methods="7" coveredmethods="4"/>
          <line num="8" count="1" type="stmt"/>
          <line num="10" count="1" type="stmt"/>
          <line num="14" count="1" type="stmt"/>
          <line num="15" count="1" type="stmt"/>
          <line num="19" count="1" type="stmt"/>
          <line num="23" count="0" type="stmt"/>
          <line num="29" count="0" type="stmt"/>
          <line num="35" count="1" type="cond" truecount="1" falsecount="1"/>
          <line num="36" count="0" type="cond" truecount="0" falsecount="2"/>
          <line num="37" count="0" type="stmt"/>
          <line num="42" count="0" type="stmt"/>
          <line num="49" count="1" type="stmt"/>
          <line num="53" count="1" type="stmt"/>
          <line num="64" count="0" type="stmt"/>
          <line num="74" count="1" type="stmt"/>
          <line num="82" count="1" type="stmt"/>
        </file>
      </package>
      <package name="ui.client.components.translation">
        <metrics statements="4" coveredstatements="4" conditionals="2" coveredconditionals="1" methods="1" coveredmethods="1"/>
        <file name="translation.js" path="/home/esksami/School/Olga-Verkkokauppa/imports/plugins/core/ui/client/components/translation/translation.js">
          <metrics statements="4" coveredstatements="4" conditionals="2" coveredconditionals="1" methods="1" coveredmethods="1"/>
          <line num="8" count="1" type="cond" truecount="1" falsecount="1"/>
          <line num="10" count="1" type="stmt"/>
          <line num="14" count="1" type="stmt"/>
          <line num="20" count="1" type="stmt"/>
        </file>
      </package>
    </metrics>
  </project>
</coverage>
