{"/home/esksami/School/Olga-Verkkokauppa/imports/plugins/core/layout/lib/blazeLayout.js": {"path":"/home/esksami/School/Olga-Verkkokauppa/imports/plugins/core/layout/lib/blazeLayout.js","statementMap":{"0":{"start":{"line":15,"column":4},"end":{"line":18,"column":5}},"1":{"start":{"line":16,"column":6},"end":{"line":16,"column":36}},"2":{"start":{"line":17,"column":6},"end":{"line":17,"column":29}},"3":{"start":{"line":22,"column":4},"end":{"line":22,"column":75}},"4":{"start":{"line":25,"column":17},"end":{"line":25,"column":41}},"5":{"start":{"line":27,"column":4},"end":{"line":41,"column":5}},"6":{"start":{"line":28,"column":6},"end":{"line":28,"column":32}},"7":{"start":{"line":29,"column":6},"end":{"line":33,"column":7}},"8":{"start":{"line":30,"column":8},"end":{"line":32,"column":67}},"9":{"start":{"line":34,"column":11},"end":{"line":41,"column":5}},"10":{"start":{"line":35,"column":6},"end":{"line":35,"column":22}},"11":{"start":{"line":37,"column":6},"end":{"line":40,"column":32}},"12":{"start":{"line":43,"column":4},"end":{"line":47,"column":6}},"13":{"start":{"line":45,"column":12},"end":{"line":45,"column":33}},"14":{"start":{"line":52,"column":4},"end":{"line":52,"column":64}},"15":{"start":{"line":56,"column":4},"end":{"line":56,"column":60}}},"fnMap":{"0":{"name":"(anonymous_0)","decl":{"start":{"line":14,"column":2},"end":{"line":14,"column":3}},"loc":{"start":{"line":14,"column":32},"end":{"line":19,"column":3}},"line":14},"1":{"name":"(anonymous_1)","decl":{"start":{"line":21,"column":2},"end":{"line":21,"column":3}},"loc":{"start":{"line":21,"column":20},"end":{"line":48,"column":3}},"line":21},"2":{"name":"(anonymous_2)","decl":{"start":{"line":45,"column":6},"end":{"line":45,"column":7}},"loc":{"start":{"line":45,"column":12},"end":{"line":45,"column":33}},"line":45},"3":{"name":"(anonymous_3)","decl":{"start":{"line":50,"column":2},"end":{"line":50,"column":3}},"loc":{"start":{"line":50,"column":35},"end":{"line":53,"column":3}},"line":50},"4":{"name":"(anonymous_4)","decl":{"start":{"line":55,"column":2},"end":{"line":55,"column":3}},"loc":{"start":{"line":55,"column":39},"end":{"line":57,"column":3}},"line":55}},"branchMap":{"0":{"loc":{"start":{"line":15,"column":4},"end":{"line":18,"column":5}},"type":"if","locations":[{"start":{"line":15,"column":4},"end":{"line":18,"column":5}},{"start":{"line":15,"column":4},"end":{"line":18,"column":5}}],"line":15},"1":{"loc":{"start":{"line":27,"column":4},"end":{"line":41,"column":5}},"type":"if","locations":[{"start":{"line":27,"column":4},"end":{"line":41,"column":5}},{"start":{"line":27,"column":4},"end":{"line":41,"column":5}}],"line":27},"2":{"loc":{"start":{"line":29,"column":6},"end":{"line":33,"column":7}},"type":"if","locations":[{"start":{"line":29,"column":6},"end":{"line":33,"column":7}},{"start":{"line":29,"column":6},"end":{"line":33,"column":7}}],"line":29},"3":{"loc":{"start":{"line":34,"column":11},"end":{"line":41,"column":5}},"type":"if","locations":[{"start":{"line":34,"column":11},"end":{"line":41,"column":5}},{"start":{"line":34,"column":11},"end":{"line":41,"column":5}}],"line":34}},"s":{"0":0,"1":0,"2":0,"3":0,"4":0,"5":0,"6":0,"7":0,"8":0,"9":0,"10":0,"11":0,"12":0,"13":0,"14":0,"15":0},"f":{"0":0,"1":0,"2":0,"3":0,"4":0},"b":{"0":[0,0],"1":[0,0],"2":[0,0],"3":[0,0]},"_coverageSchema":"332fd63041d2c1bcb487cc26dd0d5f7d97098a6c","hash":"f8520a68788deecb60fef34c5b4007b5760d09bc"}
,"/home/esksami/School/Olga-Verkkokauppa/imports/plugins/core/layout/lib/components.js": {"path":"/home/esksami/School/Olga-Verkkokauppa/imports/plugins/core/layout/lib/components.js","statementMap":{"0":{"start":{"line":3,"column":27},"end":{"line":3,"column":42}},"1":{"start":{"line":6,"column":2},"end":{"line":9,"column":4}},"2":{"start":{"line":13,"column":24},"end":{"line":13,"column":54}},"3":{"start":{"line":14,"column":2},"end":{"line":14,"column":58}},"4":{"start":{"line":18,"column":2},"end":{"line":18,"column":41}}},"fnMap":{"0":{"name":"registerComponent","decl":{"start":{"line":5,"column":16},"end":{"line":5,"column":33}},"loc":{"start":{"line":5,"column":49},"end":{"line":10,"column":1}},"line":5},"1":{"name":"getComponent","decl":{"start":{"line":12,"column":16},"end":{"line":12,"column":28}},"loc":{"start":{"line":12,"column":35},"end":{"line":15,"column":1}},"line":12},"2":{"name":"getAllComponents","decl":{"start":{"line":17,"column":16},"end":{"line":17,"column":32}},"loc":{"start":{"line":17,"column":35},"end":{"line":19,"column":1}},"line":17}},"branchMap":{"0":{"loc":{"start":{"line":14,"column":9},"end":{"line":14,"column":57}},"type":"binary-expr","locations":[{"start":{"line":14,"column":9},"end":{"line":14,"column":22}},{"start":{"line":14,"column":26},"end":{"line":14,"column":49}},{"start":{"line":14,"column":53},"end":{"line":14,"column":57}}],"line":14}},"s":{"0":1,"1":0,"2":0,"3":0,"4":0},"f":{"0":0,"1":0,"2":0},"b":{"0":[0,0,0]},"_coverageSchema":"332fd63041d2c1bcb487cc26dd0d5f7d97098a6c","hash":"9d330f6ab34f622d0a8d17c5d64ef1637720abc6"}
,"/home/esksami/School/Olga-Verkkokauppa/imports/plugins/core/orders/client/components/orderSummary.js": {"path":"/home/esksami/School/Olga-Verkkokauppa/imports/plugins/core/orders/client/components/orderSummary.js","statementMap":{"0":{"start":{"line":17,"column":24},"end":{"line":17,"column":56}},"1":{"start":{"line":19,"column":4},"end":{"line":27,"column":5}},"2":{"start":{"line":20,"column":6},"end":{"line":20,"column":20}},"3":{"start":{"line":21,"column":11},"end":{"line":27,"column":5}},"4":{"start":{"line":22,"column":6},"end":{"line":22,"column":23}},"5":{"start":{"line":23,"column":11},"end":{"line":27,"column":5}},"6":{"start":{"line":24,"column":6},"end":{"line":24,"column":22}},"7":{"start":{"line":25,"column":11},"end":{"line":27,"column":5}},"8":{"start":{"line":26,"column":6},"end":{"line":26,"column":23}},"9":{"start":{"line":29,"column":4},"end":{"line":29,"column":21}},"10":{"start":{"line":33,"column":20},"end":{"line":33,"column":40}},"11":{"start":{"line":34,"column":4},"end":{"line":34,"column":19}},"12":{"start":{"line":38,"column":20},"end":{"line":38,"column":40}},"13":{"start":{"line":39,"column":20},"end":{"line":39,"column":37}},"14":{"start":{"line":41,"column":4},"end":{"line":41,"column":19}},"15":{"start":{"line":45,"column":85},"end":{"line":45,"column":95}},"16":{"start":{"line":47,"column":4},"end":{"line":152,"column":6}}},"fnMap":{"0":{"name":"(anonymous_0)","decl":{"start":{"line":16,"column":2},"end":{"line":16,"column":3}},"loc":{"start":{"line":16,"column":16},"end":{"line":30,"column":3}},"line":16},"1":{"name":"(anonymous_1)","decl":{"start":{"line":32,"column":2},"end":{"line":32,"column":3}},"loc":{"start":{"line":32,"column":14},"end":{"line":35,"column":3}},"line":32},"2":{"name":"(anonymous_2)","decl":{"start":{"line":37,"column":2},"end":{"line":37,"column":3}},"loc":{"start":{"line":37,"column":15},"end":{"line":42,"column":3}},"line":37},"3":{"name":"(anonymous_3)","decl":{"start":{"line":44,"column":2},"end":{"line":44,"column":3}},"loc":{"start":{"line":44,"column":11},"end":{"line":153,"column":3}},"line":44}},"branchMap":{"0":{"loc":{"start":{"line":19,"column":4},"end":{"line":27,"column":5}},"type":"if","locations":[{"start":{"line":19,"column":4},"end":{"line":27,"column":5}},{"start":{"line":19,"column":4},"end":{"line":27,"column":5}}],"line":19},"1":{"loc":{"start":{"line":21,"column":11},"end":{"line":27,"column":5}},"type":"if","locations":[{"start":{"line":21,"column":11},"end":{"line":27,"column":5}},{"start":{"line":21,"column":11},"end":{"line":27,"column":5}}],"line":21},"2":{"loc":{"start":{"line":23,"column":11},"end":{"line":27,"column":5}},"type":"if","locations":[{"start":{"line":23,"column":11},"end":{"line":27,"column":5}},{"start":{"line":23,"column":11},"end":{"line":27,"column":5}}],"line":23},"3":{"loc":{"start":{"line":25,"column":11},"end":{"line":27,"column":5}},"type":"if","locations":[{"start":{"line":25,"column":11},"end":{"line":27,"column":5}},{"start":{"line":25,"column":11},"end":{"line":27,"column":5}}],"line":25},"4":{"loc":{"start":{"line":121,"column":13},"end":{"line":132,"column":20}},"type":"binary-expr","locations":[{"start":{"line":121,"column":13},"end":{"line":121,"column":30}},{"start":{"line":122,"column":14},"end":{"line":132,"column":20}}],"line":121},"5":{"loc":{"start":{"line":124,"column":17},"end":{"line":130,"column":22}},"type":"cond-expr","locations":[{"start":{"line":125,"column":18},"end":{"line":127,"column":22}},{"start":{"line":128,"column":18},"end":{"line":130,"column":22}}],"line":124},"6":{"loc":{"start":{"line":148,"column":11},"end":{"line":148,"column":97}},"type":"binary-expr","locations":[{"start":{"line":148,"column":11},"end":{"line":148,"column":42}},{"start":{"line":148,"column":46},"end":{"line":148,"column":97}}],"line":148}},"s":{"0":1,"1":1,"2":1,"3":0,"4":0,"5":0,"6":0,"7":0,"8":0,"9":0,"10":1,"11":1,"12":0,"13":0,"14":0,"15":1,"16":1},"f":{"0":1,"1":1,"2":0,"3":1},"b":{"0":[1,0],"1":[0,0],"2":[0,0],"3":[0,0],"4":[1,1],"5":[0,1],"6":[1,0]},"_coverageSchema":"332fd63041d2c1bcb487cc26dd0d5f7d97098a6c","hash":"1010fa4f6cd790e4c704b3477dbdf94775eba60e"}
,"/home/esksami/School/Olga-Verkkokauppa/imports/plugins/core/router/lib/hooks.js": {"path":"/home/esksami/School/Olga-Verkkokauppa/imports/plugins/core/router/lib/hooks.js","statementMap":{"0":{"start":{"line":5,"column":14},"end":{"line":73,"column":1}},"1":{"start":{"line":12,"column":4},"end":{"line":14,"column":5}},"2":{"start":{"line":13,"column":6},"end":{"line":13,"column":40}},"3":{"start":{"line":15,"column":4},"end":{"line":15,"column":48}},"4":{"start":{"line":19,"column":4},"end":{"line":25,"column":5}},"5":{"start":{"line":20,"column":6},"end":{"line":22,"column":9}},"6":{"start":{"line":21,"column":8},"end":{"line":21,"column":25}},"7":{"start":{"line":24,"column":6},"end":{"line":24,"column":29}},"8":{"start":{"line":29,"column":4},"end":{"line":35,"column":5}},"9":{"start":{"line":30,"column":6},"end":{"line":32,"column":9}},"10":{"start":{"line":31,"column":8},"end":{"line":31,"column":24}},"11":{"start":{"line":34,"column":6},"end":{"line":34,"column":35}},"12":{"start":{"line":40,"column":4},"end":{"line":43,"column":5}},"13":{"start":{"line":41,"column":17},"end":{"line":41,"column":26}},"14":{"start":{"line":42,"column":6},"end":{"line":42,"column":52}},"15":{"start":{"line":45,"column":4},"end":{"line":45,"column":57}},"16":{"start":{"line":50,"column":4},"end":{"line":53,"column":5}},"17":{"start":{"line":51,"column":17},"end":{"line":51,"column":26}},"18":{"start":{"line":52,"column":6},"end":{"line":52,"column":51}},"19":{"start":{"line":55,"column":4},"end":{"line":55,"column":56}},"20":{"start":{"line":59,"column":18},"end":{"line":59,"column":41}},"21":{"start":{"line":60,"column":22},"end":{"line":60,"column":33}},"22":{"start":{"line":61,"column":4},"end":{"line":61,"column":85}},"23":{"start":{"line":65,"column":22},"end":{"line":65,"column":42}},"24":{"start":{"line":66,"column":4},"end":{"line":70,"column":5}},"25":{"start":{"line":67,"column":6},"end":{"line":69,"column":9}},"26":{"start":{"line":68,"column":8},"end":{"line":68,"column":34}},"27":{"start":{"line":71,"column":4},"end":{"line":71,"column":16}}},"fnMap":{"0":{"name":"(anonymous_0)","decl":{"start":{"line":20,"column":23},"end":{"line":20,"column":24}},"loc":{"start":{"line":20,"column":31},"end":{"line":22,"column":7}},"line":20},"1":{"name":"(anonymous_1)","decl":{"start":{"line":30,"column":23},"end":{"line":30,"column":24}},"loc":{"start":{"line":30,"column":31},"end":{"line":32,"column":7}},"line":30},"2":{"name":"(anonymous_2)","decl":{"start":{"line":67,"column":31},"end":{"line":67,"column":32}},"loc":{"start":{"line":67,"column":45},"end":{"line":69,"column":7}},"line":67}},"branchMap":{"0":{"loc":{"start":{"line":12,"column":4},"end":{"line":14,"column":5}},"type":"if","locations":[{"start":{"line":12,"column":4},"end":{"line":14,"column":5}},{"start":{"line":12,"column":4},"end":{"line":14,"column":5}}],"line":12},"1":{"loc":{"start":{"line":19,"column":4},"end":{"line":25,"column":5}},"type":"if","locations":[{"start":{"line":19,"column":4},"end":{"line":25,"column":5}},{"start":{"line":19,"column":4},"end":{"line":25,"column":5}}],"line":19},"2":{"loc":{"start":{"line":29,"column":4},"end":{"line":35,"column":5}},"type":"if","locations":[{"start":{"line":29,"column":4},"end":{"line":35,"column":5}},{"start":{"line":29,"column":4},"end":{"line":35,"column":5}}],"line":29},"3":{"loc":{"start":{"line":40,"column":4},"end":{"line":43,"column":5}},"type":"if","locations":[{"start":{"line":40,"column":4},"end":{"line":43,"column":5}},{"start":{"line":40,"column":4},"end":{"line":43,"column":5}}],"line":40},"4":{"loc":{"start":{"line":40,"column":8},"end":{"line":40,"column":68}},"type":"binary-expr","locations":[{"start":{"line":40,"column":8},"end":{"line":40,"column":30}},{"start":{"line":40,"column":34},"end":{"line":40,"column":68}}],"line":40},"5":{"loc":{"start":{"line":50,"column":4},"end":{"line":53,"column":5}},"type":"if","locations":[{"start":{"line":50,"column":4},"end":{"line":53,"column":5}},{"start":{"line":50,"column":4},"end":{"line":53,"column":5}}],"line":50},"6":{"loc":{"start":{"line":50,"column":8},"end":{"line":50,"column":68}},"type":"binary-expr","locations":[{"start":{"line":50,"column":8},"end":{"line":50,"column":30}},{"start":{"line":50,"column":34},"end":{"line":50,"column":68}}],"line":50},"7":{"loc":{"start":{"line":59,"column":18},"end":{"line":59,"column":41}},"type":"binary-expr","locations":[{"start":{"line":59,"column":18},"end":{"line":59,"column":35}},{"start":{"line":59,"column":39},"end":{"line":59,"column":41}}],"line":59},"8":{"loc":{"start":{"line":61,"column":11},"end":{"line":61,"column":84}},"type":"cond-expr","locations":[{"start":{"line":61,"column":70},"end":{"line":61,"column":79}},{"start":{"line":61,"column":82},"end":{"line":61,"column":84}}],"line":61},"9":{"loc":{"start":{"line":61,"column":12},"end":{"line":61,"column":66}},"type":"binary-expr","locations":[{"start":{"line":61,"column":12},"end":{"line":61,"column":44}},{"start":{"line":61,"column":48},"end":{"line":61,"column":66}}],"line":61},"10":{"loc":{"start":{"line":66,"column":4},"end":{"line":70,"column":5}},"type":"if","locations":[{"start":{"line":66,"column":4},"end":{"line":70,"column":5}},{"start":{"line":66,"column":4},"end":{"line":70,"column":5}}],"line":66},"11":{"loc":{"start":{"line":66,"column":8},"end":{"line":66,"column":62}},"type":"binary-expr","locations":[{"start":{"line":66,"column":8},"end":{"line":66,"column":40}},{"start":{"line":66,"column":44},"end":{"line":66,"column":62}}],"line":66}},"s":{"0":1,"1":0,"2":0,"3":0,"4":0,"5":0,"6":0,"7":0,"8":0,"9":0,"10":0,"11":0,"12":0,"13":0,"14":0,"15":0,"16":0,"17":0,"18":0,"19":0,"20":0,"21":0,"22":0,"23":0,"24":0,"25":0,"26":0,"27":0},"f":{"0":0,"1":0,"2":0},"b":{"0":[0,0],"1":[0,0],"2":[0,0],"3":[0,0],"4":[0,0],"5":[0,0],"6":[0,0],"7":[0,0],"8":[0,0],"9":[0,0],"10":[0,0],"11":[0,0]},"_coverageSchema":"332fd63041d2c1bcb487cc26dd0d5f7d97098a6c","hash":"fd69aec568a31e80a46f5fcf43f578057b19d188"}
,"/home/esksami/School/Olga-Verkkokauppa/imports/plugins/core/router/lib/router.js": {"path":"/home/esksami/School/Olga-Verkkokauppa/imports/plugins/core/router/lib/router.js","statementMap":{"0":{"start":{"line":25,"column":19},"end":{"line":25,"column":34}},"1":{"start":{"line":26,"column":30},"end":{"line":26,"column":52}},"2":{"start":{"line":27,"column":31},"end":{"line":27,"column":53}},"3":{"start":{"line":30,"column":0},"end":{"line":34,"column":1}},"4":{"start":{"line":31,"column":2},"end":{"line":31,"column":35}},"5":{"start":{"line":33,"column":2},"end":{"line":33,"column":34}},"6":{"start":{"line":45,"column":4},"end":{"line":45,"column":26}},"7":{"start":{"line":49,"column":4},"end":{"line":49,"column":25}},"8":{"start":{"line":53,"column":4},"end":{"line":53,"column":35}},"9":{"start":{"line":54,"column":4},"end":{"line":54,"column":31}},"10":{"start":{"line":58,"column":4},"end":{"line":58,"column":36}},"11":{"start":{"line":62,"column":4},"end":{"line":62,"column":17}},"12":{"start":{"line":66,"column":4},"end":{"line":66,"column":31}},"13":{"start":{"line":70,"column":4},"end":{"line":70,"column":44}},"14":{"start":{"line":71,"column":4},"end":{"line":71,"column":37}},"15":{"start":{"line":75,"column":20},"end":{"line":75,"column":36}},"16":{"start":{"line":77,"column":4},"end":{"line":77,"column":53}},"17":{"start":{"line":81,"column":4},"end":{"line":81,"column":36}},"18":{"start":{"line":82,"column":20},"end":{"line":82,"column":36}},"19":{"start":{"line":84,"column":4},"end":{"line":84,"column":63}},"20":{"start":{"line":88,"column":4},"end":{"line":88,"column":36}},"21":{"start":{"line":89,"column":20},"end":{"line":89,"column":36}},"22":{"start":{"line":91,"column":4},"end":{"line":91,"column":61}},"23":{"start":{"line":95,"column":20},"end":{"line":95,"column":36}},"24":{"start":{"line":96,"column":24},"end":{"line":96,"column":67}},"25":{"start":{"line":98,"column":4},"end":{"line":102,"column":5}},"26":{"start":{"line":99,"column":6},"end":{"line":101,"column":7}},"27":{"start":{"line":100,"column":8},"end":{"line":100,"column":32}},"28":{"start":{"line":104,"column":4},"end":{"line":104,"column":63}},"29":{"start":{"line":108,"column":4},"end":{"line":108,"column":36}},"30":{"start":{"line":119,"column":0},"end":{"line":165,"column":2}},"31":{"start":{"line":130,"column":20},"end":{"line":135,"column":4}},"32":{"start":{"line":131,"column":4},"end":{"line":133,"column":5}},"33":{"start":{"line":132,"column":6},"end":{"line":132,"column":18}},"34":{"start":{"line":134,"column":4},"end":{"line":134,"column":17}},"35":{"start":{"line":137,"column":2},"end":{"line":162,"column":3}},"36":{"start":{"line":143,"column":17},"end":{"line":143,"column":46}},"37":{"start":{"line":146,"column":19},"end":{"line":146,"column":56}},"38":{"start":{"line":149,"column":25},"end":{"line":149,"column":37}},"39":{"start":{"line":153,"column":24},"end":{"line":153,"column":55}},"40":{"start":{"line":156,"column":4},"end":{"line":158,"column":5}},"41":{"start":{"line":157,"column":6},"end":{"line":157,"column":46}},"42":{"start":{"line":161,"column":4},"end":{"line":161,"column":24}},"43":{"start":{"line":164,"column":2},"end":{"line":164,"column":13}},"44":{"start":{"line":168,"column":0},"end":{"line":201,"column":2}},"45":{"start":{"line":171,"column":19},"end":{"line":186,"column":3}},"46":{"start":{"line":172,"column":4},"end":{"line":181,"column":5}},"47":{"start":{"line":173,"column":6},"end":{"line":173,"column":24}},"48":{"start":{"line":175,"column":6},"end":{"line":180,"column":9}},"49":{"start":{"line":183,"column":4},"end":{"line":185,"column":5}},"50":{"start":{"line":184,"column":6},"end":{"line":184,"column":31}},"51":{"start":{"line":189,"column":2},"end":{"line":198,"column":3}},"52":{"start":{"line":190,"column":4},"end":{"line":195,"column":7}},"53":{"start":{"line":191,"column":6},"end":{"line":194,"column":7}},"54":{"start":{"line":192,"column":8},"end":{"line":192,"column":34}},"55":{"start":{"line":193,"column":8},"end":{"line":193,"column":19}},"56":{"start":{"line":197,"column":4},"end":{"line":197,"column":11}},"57":{"start":{"line":200,"column":2},"end":{"line":200,"column":13}},"58":{"start":{"line":203,"column":0},"end":{"line":214,"column":2}},"59":{"start":{"line":204,"column":21},"end":{"line":209,"column":4}},"60":{"start":{"line":211,"column":2},"end":{"line":213,"column":3}},"61":{"start":{"line":212,"column":4},"end":{"line":212,"column":32}},"62":{"start":{"line":216,"column":0},"end":{"line":222,"column":2}},"63":{"start":{"line":217,"column":18},"end":{"line":217,"column":34}},"64":{"start":{"line":219,"column":2},"end":{"line":221,"column":3}},"65":{"start":{"line":220,"column":4},"end":{"line":220,"column":51}},"66":{"start":{"line":231,"column":0},"end":{"line":257,"column":2}},"67":{"start":{"line":232,"column":18},"end":{"line":232,"column":34}},"68":{"start":{"line":233,"column":16},"end":{"line":233,"column":35}},"69":{"start":{"line":234,"column":15},"end":{"line":234,"column":17}},"70":{"start":{"line":236,"column":2},"end":{"line":254,"column":3}},"71":{"start":{"line":237,"column":17},"end":{"line":237,"column":35}},"72":{"start":{"line":239,"column":4},"end":{"line":241,"column":5}},"73":{"start":{"line":240,"column":6},"end":{"line":240,"column":42}},"74":{"start":{"line":244,"column":4},"end":{"line":253,"column":5}},"75":{"start":{"line":246,"column":6},"end":{"line":246,"column":36}},"76":{"start":{"line":247,"column":11},"end":{"line":253,"column":5}},"77":{"start":{"line":249,"column":6},"end":{"line":249,"column":36}},"78":{"start":{"line":250,"column":11},"end":{"line":253,"column":5}},"79":{"start":{"line":252,"column":6},"end":{"line":252,"column":36}},"80":{"start":{"line":256,"column":2},"end":{"line":256,"column":12}},"81":{"start":{"line":266,"column":20},"end":{"line":266,"column":30}},"82":{"start":{"line":268,"column":2},"end":{"line":272,"column":3}},"83":{"start":{"line":269,"column":4},"end":{"line":269,"column":16}},"84":{"start":{"line":270,"column":9},"end":{"line":272,"column":3}},"85":{"start":{"line":271,"column":4},"end":{"line":271,"column":16}},"86":{"start":{"line":274,"column":2},"end":{"line":274,"column":15}},"87":{"start":{"line":288,"column":2},"end":{"line":299,"column":3}},"88":{"start":{"line":289,"column":4},"end":{"line":295,"column":5}},"89":{"start":{"line":290,"column":6},"end":{"line":290,"column":36}},"90":{"start":{"line":291,"column":11},"end":{"line":295,"column":5}},"91":{"start":{"line":292,"column":6},"end":{"line":292,"column":60}},"92":{"start":{"line":294,"column":6},"end":{"line":294,"column":30}},"93":{"start":{"line":297,"column":4},"end":{"line":297,"column":40}},"94":{"start":{"line":298,"column":4},"end":{"line":298,"column":21}},"95":{"start":{"line":300,"column":2},"end":{"line":300,"column":14}},"96":{"start":{"line":311,"column":24},"end":{"line":311,"column":82}},"97":{"start":{"line":312,"column":26},"end":{"line":312,"column":90}},"98":{"start":{"line":313,"column":2},"end":{"line":315,"column":3}},"99":{"start":{"line":314,"column":4},"end":{"line":314,"column":18}},"100":{"start":{"line":316,"column":2},"end":{"line":316,"column":14}},"101":{"start":{"line":330,"column":15},"end":{"line":330,"column":57}},"102":{"start":{"line":335,"column":21},"end":{"line":335,"column":84}},"103":{"start":{"line":336,"column":23},"end":{"line":336,"column":92}},"104":{"start":{"line":340,"column":24},"end":{"line":349,"column":3}},"105":{"start":{"line":352,"column":2},"end":{"line":361,"column":3}},"106":{"start":{"line":353,"column":25},"end":{"line":353,"column":88}},"107":{"start":{"line":353,"column":58},"end":{"line":353,"column":87}},"108":{"start":{"line":354,"column":24},"end":{"line":354,"column":91}},"109":{"start":{"line":354,"column":49},"end":{"line":354,"column":90}},"110":{"start":{"line":356,"column":4},"end":{"line":360,"column":5}},"111":{"start":{"line":357,"column":6},"end":{"line":359,"column":8}},"112":{"start":{"line":372,"column":29},"end":{"line":372,"column":65}},"113":{"start":{"line":374,"column":2},"end":{"line":376,"column":3}},"114":{"start":{"line":375,"column":4},"end":{"line":375,"column":48}},"115":{"start":{"line":380,"column":2},"end":{"line":384,"column":3}},"116":{"start":{"line":381,"column":4},"end":{"line":383,"column":6}},"117":{"start":{"line":387,"column":2},"end":{"line":418,"column":4}},"118":{"start":{"line":390,"column":20},"end":{"line":390,"column":42}},"119":{"start":{"line":391,"column":26},"end":{"line":391,"column":45}},"120":{"start":{"line":392,"column":24},"end":{"line":394,"column":7}},"121":{"start":{"line":398,"column":6},"end":{"line":400,"column":7}},"122":{"start":{"line":399,"column":8},"end":{"line":399,"column":44}},"123":{"start":{"line":402,"column":6},"end":{"line":414,"column":7}},"124":{"start":{"line":403,"column":8},"end":{"line":406,"column":11}},"125":{"start":{"line":407,"column":13},"end":{"line":414,"column":7}},"126":{"start":{"line":408,"column":8},"end":{"line":413,"column":10}},"127":{"start":{"line":416,"column":6},"end":{"line":416,"column":53}},"128":{"start":{"line":428,"column":0},"end":{"line":572,"column":2}},"129":{"start":{"line":430,"column":2},"end":{"line":430,"column":30}},"130":{"start":{"line":431,"column":2},"end":{"line":431,"column":34}},"131":{"start":{"line":433,"column":2},"end":{"line":433,"column":44}},"132":{"start":{"line":434,"column":2},"end":{"line":434,"column":21}},"133":{"start":{"line":436,"column":15},"end":{"line":436,"column":38}},"134":{"start":{"line":437,"column":17},"end":{"line":437,"column":48}},"135":{"start":{"line":438,"column":27},"end":{"line":438,"column":29}},"136":{"start":{"line":443,"column":18},"end":{"line":443,"column":48}},"137":{"start":{"line":445,"column":2},"end":{"line":571,"column":5}},"138":{"start":{"line":446,"column":4},"end":{"line":570,"column":5}},"139":{"start":{"line":447,"column":6},"end":{"line":447,"column":28}},"140":{"start":{"line":449,"column":24},"end":{"line":449,"column":49}},"141":{"start":{"line":452,"column":26},"end":{"line":452,"column":60}},"142":{"start":{"line":453,"column":29},"end":{"line":453,"column":69}},"143":{"start":{"line":456,"column":6},"end":{"line":465,"column":9}},"144":{"start":{"line":468,"column":6},"end":{"line":477,"column":9}},"145":{"start":{"line":480,"column":6},"end":{"line":544,"column":7}},"146":{"start":{"line":481,"column":26},"end":{"line":481,"column":28}},"147":{"start":{"line":483,"column":8},"end":{"line":543,"column":9}},"148":{"start":{"line":484,"column":27},"end":{"line":484,"column":51}},"149":{"start":{"line":485,"column":10},"end":{"line":521,"column":11}},"150":{"start":{"line":487,"column":12},"end":{"line":520,"column":13}},"151":{"start":{"line":495,"column":18},"end":{"line":495,"column":30}},"152":{"start":{"line":498,"column":27},"end":{"line":498,"column":71}},"153":{"start":{"line":502,"column":37},"end":{"line":502,"column":96}},"154":{"start":{"line":503,"column":37},"end":{"line":516,"column":15}},"155":{"start":{"line":519,"column":14},"end":{"line":519,"column":45}},"156":{"start":{"line":526,"column":10},"end":{"line":542,"column":11}},"157":{"start":{"line":529,"column":12},"end":{"line":529,"column":29}},"158":{"start":{"line":531,"column":12},"end":{"line":539,"column":13}},"159":{"start":{"line":532,"column":14},"end":{"line":532,"column":46}},"160":{"start":{"line":533,"column":14},"end":{"line":533,"column":38}},"161":{"start":{"line":534,"column":19},"end":{"line":539,"column":13}},"162":{"start":{"line":535,"column":14},"end":{"line":535,"column":38}},"163":{"start":{"line":537,"column":14},"end":{"line":537,"column":42}},"164":{"start":{"line":538,"column":14},"end":{"line":538,"column":54}},"165":{"start":{"line":541,"column":12},"end":{"line":541,"column":41}},"166":{"start":{"line":553,"column":25},"end":{"line":553,"column":68}},"167":{"start":{"line":554,"column":32},"end":{"line":563,"column":8}},"168":{"start":{"line":555,"column":8},"end":{"line":562,"column":10}},"169":{"start":{"line":565,"column":6},"end":{"line":565,"column":33}},"170":{"start":{"line":566,"column":6},"end":{"line":566,"column":49}},"171":{"start":{"line":567,"column":6},"end":{"line":567,"column":34}},"172":{"start":{"line":569,"column":6},"end":{"line":569,"column":38}}},"fnMap":{"0":{"name":"(anonymous_0)","decl":{"start":{"line":44,"column":2},"end":{"line":44,"column":3}},"loc":{"start":{"line":44,"column":28},"end":{"line":46,"column":3}},"line":44},"1":{"name":"(anonymous_1)","decl":{"start":{"line":48,"column":2},"end":{"line":48,"column":3}},"loc":{"start":{"line":48,"column":23},"end":{"line":50,"column":3}},"line":48},"2":{"name":"(anonymous_2)","decl":{"start":{"line":52,"column":2},"end":{"line":52,"column":3}},"loc":{"start":{"line":52,"column":17},"end":{"line":55,"column":3}},"line":52},"3":{"name":"(anonymous_3)","decl":{"start":{"line":57,"column":2},"end":{"line":57,"column":3}},"loc":{"start":{"line":57,"column":30},"end":{"line":59,"column":3}},"line":57},"4":{"name":"(anonymous_4)","decl":{"start":{"line":61,"column":2},"end":{"line":61,"column":3}},"loc":{"start":{"line":61,"column":24},"end":{"line":63,"column":3}},"line":61},"5":{"name":"(anonymous_5)","decl":{"start":{"line":65,"column":2},"end":{"line":65,"column":3}},"loc":{"start":{"line":65,"column":19},"end":{"line":67,"column":3}},"line":65},"6":{"name":"(anonymous_6)","decl":{"start":{"line":69,"column":2},"end":{"line":69,"column":3}},"loc":{"start":{"line":69,"column":36},"end":{"line":72,"column":3}},"line":69},"7":{"name":"(anonymous_7)","decl":{"start":{"line":74,"column":2},"end":{"line":74,"column":3}},"loc":{"start":{"line":74,"column":24},"end":{"line":78,"column":3}},"line":74},"8":{"name":"(anonymous_8)","decl":{"start":{"line":80,"column":2},"end":{"line":80,"column":3}},"loc":{"start":{"line":80,"column":24},"end":{"line":85,"column":3}},"line":80},"9":{"name":"(anonymous_9)","decl":{"start":{"line":87,"column":2},"end":{"line":87,"column":3}},"loc":{"start":{"line":87,"column":29},"end":{"line":92,"column":3}},"line":87},"10":{"name":"(anonymous_10)","decl":{"start":{"line":94,"column":2},"end":{"line":94,"column":3}},"loc":{"start":{"line":94,"column":35},"end":{"line":105,"column":3}},"line":94},"11":{"name":"(anonymous_11)","decl":{"start":{"line":107,"column":2},"end":{"line":107,"column":3}},"loc":{"start":{"line":107,"column":27},"end":{"line":109,"column":3}},"line":107},"12":{"name":"(anonymous_12)","decl":{"start":{"line":119,"column":17},"end":{"line":119,"column":18}},"loc":{"start":{"line":119,"column":41},"end":{"line":165,"column":1}},"line":119},"13":{"name":"(anonymous_13)","decl":{"start":{"line":130,"column":39},"end":{"line":130,"column":40}},"loc":{"start":{"line":130,"column":55},"end":{"line":135,"column":3}},"line":130},"14":{"name":"(anonymous_14)","decl":{"start":{"line":168,"column":12},"end":{"line":168,"column":13}},"loc":{"start":{"line":168,"column":37},"end":{"line":201,"column":1}},"line":168},"15":{"name":"(anonymous_15)","decl":{"start":{"line":171,"column":19},"end":{"line":171,"column":20}},"loc":{"start":{"line":171,"column":25},"end":{"line":186,"column":3}},"line":171},"16":{"name":"(anonymous_16)","decl":{"start":{"line":190,"column":20},"end":{"line":190,"column":21}},"loc":{"start":{"line":190,"column":42},"end":{"line":195,"column":5}},"line":190},"17":{"name":"(anonymous_17)","decl":{"start":{"line":203,"column":17},"end":{"line":203,"column":18}},"loc":{"start":{"line":203,"column":42},"end":{"line":214,"column":1}},"line":203},"18":{"name":"(anonymous_18)","decl":{"start":{"line":216,"column":16},"end":{"line":216,"column":17}},"loc":{"start":{"line":216,"column":22},"end":{"line":222,"column":1}},"line":216},"19":{"name":"(anonymous_19)","decl":{"start":{"line":231,"column":27},"end":{"line":231,"column":28}},"loc":{"start":{"line":231,"column":42},"end":{"line":257,"column":1}},"line":231},"20":{"name":"hasRoutePermission","decl":{"start":{"line":265,"column":9},"end":{"line":265,"column":27}},"loc":{"start":{"line":265,"column":35},"end":{"line":275,"column":1}},"line":265},"21":{"name":"getRegistryRouteName","decl":{"start":{"line":286,"column":9},"end":{"line":286,"column":29}},"loc":{"start":{"line":286,"column":57},"end":{"line":301,"column":1}},"line":286},"22":{"name":"selectLayout","decl":{"start":{"line":310,"column":9},"end":{"line":310,"column":21}},"loc":{"start":{"line":310,"column":54},"end":{"line":317,"column":1}},"line":310},"23":{"name":"ReactionLayout","decl":{"start":{"line":327,"column":16},"end":{"line":327,"column":30}},"loc":{"start":{"line":327,"column":45},"end":{"line":419,"column":1}},"line":327},"24":{"name":"(anonymous_24)","decl":{"start":{"line":353,"column":42},"end":{"line":353,"column":43}},"loc":{"start":{"line":353,"column":58},"end":{"line":353,"column":87}},"line":353},"25":{"name":"(anonymous_25)","decl":{"start":{"line":354,"column":42},"end":{"line":354,"column":43}},"loc":{"start":{"line":354,"column":49},"end":{"line":354,"column":90}},"line":354},"26":{"name":"(anonymous_26)","decl":{"start":{"line":389,"column":15},"end":{"line":389,"column":16}},"loc":{"start":{"line":389,"column":26},"end":{"line":417,"column":5}},"line":389},"27":{"name":"(anonymous_27)","decl":{"start":{"line":428,"column":27},"end":{"line":428,"column":28}},"loc":{"start":{"line":428,"column":40},"end":{"line":572,"column":1}},"line":428},"28":{"name":"(anonymous_28)","decl":{"start":{"line":445,"column":18},"end":{"line":445,"column":19}},"loc":{"start":{"line":445,"column":36},"end":{"line":571,"column":3}},"line":445},"29":{"name":"(anonymous_29)","decl":{"start":{"line":554,"column":47},"end":{"line":554,"column":48}},"loc":{"start":{"line":554,"column":65},"end":{"line":563,"column":7}},"line":554}},"branchMap":{"0":{"loc":{"start":{"line":30,"column":0},"end":{"line":34,"column":1}},"type":"if","locations":[{"start":{"line":30,"column":0},"end":{"line":34,"column":1}},{"start":{"line":30,"column":0},"end":{"line":34,"column":1}}],"line":30},"1":{"loc":{"start":{"line":77,"column":11},"end":{"line":77,"column":52}},"type":"binary-expr","locations":[{"start":{"line":77,"column":11},"end":{"line":77,"column":24}},{"start":{"line":77,"column":28},"end":{"line":77,"column":46}},{"start":{"line":77,"column":50},"end":{"line":77,"column":52}}],"line":77},"2":{"loc":{"start":{"line":84,"column":11},"end":{"line":84,"column":62}},"type":"binary-expr","locations":[{"start":{"line":84,"column":11},"end":{"line":84,"column":25}},{"start":{"line":84,"column":29},"end":{"line":84,"column":49}},{"start":{"line":84,"column":53},"end":{"line":84,"column":62}}],"line":84},"3":{"loc":{"start":{"line":91,"column":11},"end":{"line":91,"column":60}},"type":"binary-expr","locations":[{"start":{"line":91,"column":11},"end":{"line":91,"column":24}},{"start":{"line":91,"column":28},"end":{"line":91,"column":47}},{"start":{"line":91,"column":51},"end":{"line":91,"column":60}}],"line":91},"4":{"loc":{"start":{"line":99,"column":6},"end":{"line":101,"column":7}},"type":"if","locations":[{"start":{"line":99,"column":6},"end":{"line":101,"column":7}},{"start":{"line":99,"column":6},"end":{"line":101,"column":7}}],"line":99},"5":{"loc":{"start":{"line":99,"column":10},"end":{"line":99,"column":69}},"type":"binary-expr","locations":[{"start":{"line":99,"column":10},"end":{"line":99,"column":35}},{"start":{"line":99,"column":39},"end":{"line":99,"column":69}}],"line":99},"6":{"loc":{"start":{"line":119,"column":24},"end":{"line":119,"column":36}},"type":"default-arg","locations":[{"start":{"line":119,"column":34},"end":{"line":119,"column":36}}],"line":119},"7":{"loc":{"start":{"line":131,"column":4},"end":{"line":133,"column":5}},"type":"if","locations":[{"start":{"line":131,"column":4},"end":{"line":133,"column":5}},{"start":{"line":131,"column":4},"end":{"line":133,"column":5}}],"line":131},"8":{"loc":{"start":{"line":137,"column":2},"end":{"line":162,"column":3}},"type":"if","locations":[{"start":{"line":137,"column":2},"end":{"line":162,"column":3}},{"start":{"line":137,"column":2},"end":{"line":162,"column":3}}],"line":137},"9":{"loc":{"start":{"line":143,"column":17},"end":{"line":143,"column":46}},"type":"binary-expr","locations":[{"start":{"line":143,"column":17},"end":{"line":143,"column":24}},{"start":{"line":143,"column":28},"end":{"line":143,"column":40}},{"start":{"line":143,"column":44},"end":{"line":143,"column":46}}],"line":143},"10":{"loc":{"start":{"line":156,"column":4},"end":{"line":158,"column":5}},"type":"if","locations":[{"start":{"line":156,"column":4},"end":{"line":158,"column":5}},{"start":{"line":156,"column":4},"end":{"line":158,"column":5}}],"line":156},"11":{"loc":{"start":{"line":156,"column":8},"end":{"line":156,"column":61}},"type":"binary-expr","locations":[{"start":{"line":156,"column":8},"end":{"line":156,"column":39}},{"start":{"line":156,"column":43},"end":{"line":156,"column":61}}],"line":156},"12":{"loc":{"start":{"line":172,"column":4},"end":{"line":181,"column":5}},"type":"if","locations":[{"start":{"line":172,"column":4},"end":{"line":181,"column":5}},{"start":{"line":172,"column":4},"end":{"line":181,"column":5}}],"line":172},"13":{"loc":{"start":{"line":172,"column":8},"end":{"line":172,"column":56}},"type":"binary-expr","locations":[{"start":{"line":172,"column":8},"end":{"line":172,"column":32}},{"start":{"line":172,"column":36},"end":{"line":172,"column":56}}],"line":172},"14":{"loc":{"start":{"line":183,"column":4},"end":{"line":185,"column":5}},"type":"if","locations":[{"start":{"line":183,"column":4},"end":{"line":185,"column":5}},{"start":{"line":183,"column":4},"end":{"line":185,"column":5}}],"line":183},"15":{"loc":{"start":{"line":189,"column":2},"end":{"line":198,"column":3}},"type":"if","locations":[{"start":{"line":189,"column":2},"end":{"line":198,"column":3}},{"start":{"line":189,"column":2},"end":{"line":198,"column":3}}],"line":189},"16":{"loc":{"start":{"line":191,"column":6},"end":{"line":194,"column":7}},"type":"if","locations":[{"start":{"line":191,"column":6},"end":{"line":194,"column":7}},{"start":{"line":191,"column":6},"end":{"line":194,"column":7}}],"line":191},"17":{"loc":{"start":{"line":211,"column":2},"end":{"line":213,"column":3}},"type":"if","locations":[{"start":{"line":211,"column":2},"end":{"line":213,"column":3}},{"start":{"line":211,"column":2},"end":{"line":213,"column":3}}],"line":211},"18":{"loc":{"start":{"line":219,"column":2},"end":{"line":221,"column":3}},"type":"if","locations":[{"start":{"line":219,"column":2},"end":{"line":221,"column":3}},{"start":{"line":219,"column":2},"end":{"line":221,"column":3}}],"line":219},"19":{"loc":{"start":{"line":220,"column":20},"end":{"line":220,"column":49}},"type":"binary-expr","locations":[{"start":{"line":220,"column":20},"end":{"line":220,"column":42}},{"start":{"line":220,"column":46},"end":{"line":220,"column":49}}],"line":220},"20":{"loc":{"start":{"line":236,"column":2},"end":{"line":254,"column":3}},"type":"if","locations":[{"start":{"line":236,"column":2},"end":{"line":254,"column":3}},{"start":{"line":236,"column":2},"end":{"line":254,"column":3}}],"line":236},"21":{"loc":{"start":{"line":239,"column":4},"end":{"line":241,"column":5}},"type":"if","locations":[{"start":{"line":239,"column":4},"end":{"line":241,"column":5}},{"start":{"line":239,"column":4},"end":{"line":241,"column":5}}],"line":239},"22":{"loc":{"start":{"line":239,"column":8},"end":{"line":239,"column":29}},"type":"binary-expr","locations":[{"start":{"line":239,"column":8},"end":{"line":239,"column":13}},{"start":{"line":239,"column":17},"end":{"line":239,"column":29}}],"line":239},"23":{"loc":{"start":{"line":244,"column":4},"end":{"line":253,"column":5}},"type":"if","locations":[{"start":{"line":244,"column":4},"end":{"line":253,"column":5}},{"start":{"line":244,"column":4},"end":{"line":253,"column":5}}],"line":244},"24":{"loc":{"start":{"line":244,"column":8},"end":{"line":244,"column":75}},"type":"binary-expr","locations":[{"start":{"line":244,"column":8},"end":{"line":244,"column":21}},{"start":{"line":244,"column":25},"end":{"line":244,"column":53}},{"start":{"line":244,"column":57},"end":{"line":244,"column":75}}],"line":244},"25":{"loc":{"start":{"line":247,"column":11},"end":{"line":253,"column":5}},"type":"if","locations":[{"start":{"line":247,"column":11},"end":{"line":253,"column":5}},{"start":{"line":247,"column":11},"end":{"line":253,"column":5}}],"line":247},"26":{"loc":{"start":{"line":247,"column":15},"end":{"line":247,"column":62}},"type":"binary-expr","locations":[{"start":{"line":247,"column":15},"end":{"line":247,"column":40}},{"start":{"line":247,"column":44},"end":{"line":247,"column":62}}],"line":247},"27":{"loc":{"start":{"line":250,"column":11},"end":{"line":253,"column":5}},"type":"if","locations":[{"start":{"line":250,"column":11},"end":{"line":253,"column":5}},{"start":{"line":250,"column":11},"end":{"line":253,"column":5}}],"line":250},"28":{"loc":{"start":{"line":268,"column":2},"end":{"line":272,"column":3}},"type":"if","locations":[{"start":{"line":268,"column":2},"end":{"line":272,"column":3}},{"start":{"line":268,"column":2},"end":{"line":272,"column":3}}],"line":268},"29":{"loc":{"start":{"line":268,"column":6},"end":{"line":268,"column":56}},"type":"binary-expr","locations":[{"start":{"line":268,"column":6},"end":{"line":268,"column":27}},{"start":{"line":268,"column":31},"end":{"line":268,"column":56}}],"line":268},"30":{"loc":{"start":{"line":270,"column":9},"end":{"line":272,"column":3}},"type":"if","locations":[{"start":{"line":270,"column":9},"end":{"line":272,"column":3}},{"start":{"line":270,"column":9},"end":{"line":272,"column":3}}],"line":270},"31":{"loc":{"start":{"line":288,"column":2},"end":{"line":299,"column":3}},"type":"if","locations":[{"start":{"line":288,"column":2},"end":{"line":299,"column":3}},{"start":{"line":288,"column":2},"end":{"line":299,"column":3}}],"line":288},"32":{"loc":{"start":{"line":288,"column":6},"end":{"line":288,"column":33}},"type":"binary-expr","locations":[{"start":{"line":288,"column":6},"end":{"line":288,"column":17}},{"start":{"line":288,"column":21},"end":{"line":288,"column":33}}],"line":288},"33":{"loc":{"start":{"line":289,"column":4},"end":{"line":295,"column":5}},"type":"if","locations":[{"start":{"line":289,"column":4},"end":{"line":295,"column":5}},{"start":{"line":289,"column":4},"end":{"line":295,"column":5}}],"line":289},"34":{"loc":{"start":{"line":291,"column":11},"end":{"line":295,"column":5}},"type":"if","locations":[{"start":{"line":291,"column":11},"end":{"line":295,"column":5}},{"start":{"line":291,"column":11},"end":{"line":295,"column":5}}],"line":291},"35":{"loc":{"start":{"line":311,"column":24},"end":{"line":311,"column":82}},"type":"binary-expr","locations":[{"start":{"line":311,"column":24},"end":{"line":311,"column":33}},{"start":{"line":311,"column":37},"end":{"line":311,"column":66}},{"start":{"line":311,"column":70},"end":{"line":311,"column":82}}],"line":311},"36":{"loc":{"start":{"line":312,"column":26},"end":{"line":312,"column":90}},"type":"binary-expr","locations":[{"start":{"line":312,"column":26},"end":{"line":312,"column":37}},{"start":{"line":312,"column":41},"end":{"line":312,"column":72}},{"start":{"line":312,"column":76},"end":{"line":312,"column":90}}],"line":312},"37":{"loc":{"start":{"line":313,"column":2},"end":{"line":315,"column":3}},"type":"if","locations":[{"start":{"line":313,"column":2},"end":{"line":315,"column":3}},{"start":{"line":313,"column":2},"end":{"line":315,"column":3}}],"line":313},"38":{"loc":{"start":{"line":313,"column":6},"end":{"line":313,"column":103}},"type":"binary-expr","locations":[{"start":{"line":313,"column":6},"end":{"line":313,"column":37}},{"start":{"line":313,"column":41},"end":{"line":313,"column":76}},{"start":{"line":313,"column":80},"end":{"line":313,"column":103}}],"line":313},"39":{"loc":{"start":{"line":327,"column":31},"end":{"line":327,"column":43}},"type":"default-arg","locations":[{"start":{"line":327,"column":41},"end":{"line":327,"column":43}}],"line":327},"40":{"loc":{"start":{"line":335,"column":21},"end":{"line":335,"column":84}},"type":"binary-expr","locations":[{"start":{"line":335,"column":21},"end":{"line":335,"column":35}},{"start":{"line":335,"column":39},"end":{"line":335,"column":68}},{"start":{"line":335,"column":72},"end":{"line":335,"column":84}}],"line":335},"41":{"loc":{"start":{"line":336,"column":23},"end":{"line":336,"column":92}},"type":"binary-expr","locations":[{"start":{"line":336,"column":23},"end":{"line":336,"column":39}},{"start":{"line":336,"column":43},"end":{"line":336,"column":74}},{"start":{"line":336,"column":78},"end":{"line":336,"column":92}}],"line":336},"42":{"loc":{"start":{"line":352,"column":2},"end":{"line":361,"column":3}},"type":"if","locations":[{"start":{"line":352,"column":2},"end":{"line":361,"column":3}},{"start":{"line":352,"column":2},"end":{"line":361,"column":3}}],"line":352},"43":{"loc":{"start":{"line":356,"column":4},"end":{"line":360,"column":5}},"type":"if","locations":[{"start":{"line":356,"column":4},"end":{"line":360,"column":5}},{"start":{"line":356,"column":4},"end":{"line":360,"column":5}}],"line":356},"44":{"loc":{"start":{"line":356,"column":8},"end":{"line":356,"column":44}},"type":"binary-expr","locations":[{"start":{"line":356,"column":8},"end":{"line":356,"column":19}},{"start":{"line":356,"column":23},"end":{"line":356,"column":44}}],"line":356},"45":{"loc":{"start":{"line":374,"column":2},"end":{"line":376,"column":3}},"type":"if","locations":[{"start":{"line":374,"column":2},"end":{"line":376,"column":3}},{"start":{"line":374,"column":2},"end":{"line":376,"column":3}}],"line":374},"46":{"loc":{"start":{"line":380,"column":2},"end":{"line":384,"column":3}},"type":"if","locations":[{"start":{"line":380,"column":2},"end":{"line":384,"column":3}},{"start":{"line":380,"column":2},"end":{"line":384,"column":3}}],"line":380},"47":{"loc":{"start":{"line":380,"column":6},"end":{"line":380,"column":84}},"type":"binary-expr","locations":[{"start":{"line":380,"column":6},"end":{"line":380,"column":41}},{"start":{"line":380,"column":45},"end":{"line":380,"column":84}}],"line":380},"48":{"loc":{"start":{"line":398,"column":6},"end":{"line":400,"column":7}},"type":"if","locations":[{"start":{"line":398,"column":6},"end":{"line":400,"column":7}},{"start":{"line":398,"column":6},"end":{"line":400,"column":7}}],"line":398},"49":{"loc":{"start":{"line":398,"column":10},"end":{"line":398,"column":95}},"type":"binary-expr","locations":[{"start":{"line":398,"column":10},"end":{"line":398,"column":65}},{"start":{"line":398,"column":69},"end":{"line":398,"column":95}}],"line":398},"50":{"loc":{"start":{"line":402,"column":6},"end":{"line":414,"column":7}},"type":"if","locations":[{"start":{"line":402,"column":6},"end":{"line":414,"column":7}},{"start":{"line":402,"column":6},"end":{"line":414,"column":7}}],"line":402},"51":{"loc":{"start":{"line":407,"column":13},"end":{"line":414,"column":7}},"type":"if","locations":[{"start":{"line":407,"column":13},"end":{"line":414,"column":7}},{"start":{"line":407,"column":13},"end":{"line":414,"column":7}}],"line":407},"52":{"loc":{"start":{"line":446,"column":4},"end":{"line":570,"column":5}},"type":"if","locations":[{"start":{"line":446,"column":4},"end":{"line":570,"column":5}},{"start":{"line":446,"column":4},"end":{"line":570,"column":5}}],"line":446},"53":{"loc":{"start":{"line":483,"column":8},"end":{"line":543,"column":9}},"type":"if","locations":[{"start":{"line":483,"column":8},"end":{"line":543,"column":9}},{"start":{"line":483,"column":8},"end":{"line":543,"column":9}}],"line":483},"54":{"loc":{"start":{"line":483,"column":12},"end":{"line":483,"column":39}},"type":"binary-expr","locations":[{"start":{"line":483,"column":12},"end":{"line":483,"column":24}},{"start":{"line":483,"column":28},"end":{"line":483,"column":39}}],"line":483},"55":{"loc":{"start":{"line":487,"column":12},"end":{"line":520,"column":13}},"type":"if","locations":[{"start":{"line":487,"column":12},"end":{"line":520,"column":13}},{"start":{"line":487,"column":12},"end":{"line":520,"column":13}}],"line":487},"56":{"loc":{"start":{"line":531,"column":12},"end":{"line":539,"column":13}},"type":"if","locations":[{"start":{"line":531,"column":12},"end":{"line":539,"column":13}},{"start":{"line":531,"column":12},"end":{"line":539,"column":13}}],"line":531},"57":{"loc":{"start":{"line":534,"column":19},"end":{"line":539,"column":13}},"type":"if","locations":[{"start":{"line":534,"column":19},"end":{"line":539,"column":13}},{"start":{"line":534,"column":19},"end":{"line":539,"column":13}}],"line":534}},"s":{"0":1,"1":1,"2":1,"3":1,"4":0,"5":1,"6":0,"7":0,"8":0,"9":0,"10":0,"11":0,"12":6,"13":12,"14":12,"15":1,"16":1,"17":1,"18":1,"19":1,"20":1,"21":1,"22":1,"23":0,"24":0,"25":0,"26":0,"27":0,"28":0,"29":0,"30":1,"31":0,"32":0,"33":0,"34":0,"35":0,"36":0,"37":0,"38":0,"39":0,"40":0,"41":0,"42":0,"43":0,"44":1,"45":0,"46":0,"47":0,"48":0,"49":0,"50":0,"51":0,"52":0,"53":0,"54":0,"55":0,"56":0,"57":0,"58":1,"59":0,"60":0,"61":0,"62":1,"63":0,"64":0,"65":0,"66":1,"67":3,"68":3,"69":3,"70":3,"71":3,"72":3,"73":2,"74":3,"75":1,"76":2,"77":1,"78":1,"79":1,"80":0,"81":0,"82":0,"83":0,"84":0,"85":0,"86":0,"87":0,"88":0,"89":0,"90":0,"91":0,"92":0,"93":0,"94":0,"95":0,"96":0,"97":0,"98":0,"99":0,"100":0,"101":0,"102":0,"103":0,"104":0,"105":0,"106":0,"107":0,"108":0,"109":0,"110":0,"111":0,"112":0,"113":0,"114":0,"115":0,"116":0,"117":0,"118":0,"119":0,"120":0,"121":0,"122":0,"123":0,"124":0,"125":0,"126":0,"127":0,"128":1,"129":0,"130":0,"131":0,"132":0,"133":0,"134":0,"135":0,"136":0,"137":0,"138":0,"139":0,"140":0,"141":0,"142":0,"143":0,"144":0,"145":0,"146":0,"147":0,"148":0,"149":0,"150":0,"151":0,"152":0,"153":0,"154":0,"155":0,"156":0,"157":0,"158":0,"159":0,"160":0,"161":0,"162":0,"163":0,"164":0,"165":0,"166":0,"167":0,"168":0,"169":0,"170":0,"171":0,"172":0},"f":{"0":0,"1":0,"2":0,"3":0,"4":0,"5":6,"6":12,"7":1,"8":1,"9":1,"10":0,"11":0,"12":0,"13":0,"14":0,"15":0,"16":0,"17":0,"18":0,"19":3,"20":0,"21":0,"22":0,"23":0,"24":0,"25":0,"26":0,"27":0,"28":0,"29":0},"b":{"0":[0,1],"1":[1,1,0],"2":[1,1,0],"3":[1,1,0],"4":[0,0],"5":[0,0],"6":[0],"7":[0,0],"8":[0,0],"9":[0,0,0],"10":[0,0],"11":[0,0],"12":[0,0],"13":[0,0],"14":[0,0],"15":[0,0],"16":[0,0],"17":[0,0],"18":[0,0],"19":[0,0],"20":[3,0],"21":[2,1],"22":[3,2],"23":[1,2],"24":[3,2,1],"25":[1,1],"26":[2,1],"27":[1,0],"28":[0,0],"29":[0,0],"30":[0,0],"31":[0,0],"32":[0,0],"33":[0,0],"34":[0,0],"35":[0,0,0],"36":[0,0,0],"37":[0,0],"38":[0,0,0],"39":[0],"40":[0,0,0],"41":[0,0,0],"42":[0,0],"43":[0,0],"44":[0,0],"45":[0,0],"46":[0,0],"47":[0,0],"48":[0,0],"49":[0,0],"50":[0,0],"51":[0,0],"52":[0,0],"53":[0,0],"54":[0,0],"55":[0,0],"56":[0,0],"57":[0,0]},"_coverageSchema":"332fd63041d2c1bcb487cc26dd0d5f7d97098a6c","hash":"cf38d8e64eda7797507faf6e874d31c87abf8579"}
,"/home/esksami/School/Olga-Verkkokauppa/imports/plugins/core/ui/client/components/badge/badge.js": {"path":"/home/esksami/School/Olga-Verkkokauppa/imports/plugins/core/ui/client/components/badge/badge.js","statementMap":{"0":{"start":{"line":8,"column":4},"end":{"line":8,"column":17}},"1":{"start":{"line":12,"column":4},"end":{"line":26,"column":5}},"2":{"start":{"line":13,"column":6},"end":{"line":20,"column":7}},"3":{"start":{"line":14,"column":8},"end":{"line":19,"column":10}},"4":{"start":{"line":21,"column":6},"end":{"line":25,"column":8}},"5":{"start":{"line":28,"column":4},"end":{"line":28,"column":16}},"6":{"start":{"line":32,"column":34},"end":{"line":32,"column":44}},"7":{"start":{"line":34,"column":20},"end":{"line":47,"column":6}},"8":{"start":{"line":49,"column":4},"end":{"line":53,"column":6}},"9":{"start":{"line":57,"column":0},"end":{"line":63,"column":2}},"10":{"start":{"line":65,"column":0},"end":{"line":68,"column":2}}},"fnMap":{"0":{"name":"(anonymous_0)","decl":{"start":{"line":7,"column":2},"end":{"line":7,"column":3}},"loc":{"start":{"line":7,"column":21},"end":{"line":9,"column":3}},"line":7},"1":{"name":"(anonymous_1)","decl":{"start":{"line":11,"column":2},"end":{"line":11,"column":3}},"loc":{"start":{"line":11,"column":16},"end":{"line":29,"column":3}},"line":11},"2":{"name":"(anonymous_2)","decl":{"start":{"line":31,"column":2},"end":{"line":31,"column":3}},"loc":{"start":{"line":31,"column":11},"end":{"line":54,"column":3}},"line":31}},"branchMap":{"0":{"loc":{"start":{"line":12,"column":4},"end":{"line":26,"column":5}},"type":"if","locations":[{"start":{"line":12,"column":4},"end":{"line":26,"column":5}},{"start":{"line":12,"column":4},"end":{"line":26,"column":5}}],"line":12},"1":{"loc":{"start":{"line":13,"column":6},"end":{"line":20,"column":7}},"type":"if","locations":[{"start":{"line":13,"column":6},"end":{"line":20,"column":7}},{"start":{"line":13,"column":6},"end":{"line":20,"column":7}}],"line":13},"2":{"loc":{"start":{"line":37,"column":22},"end":{"line":37,"column":92}},"type":"binary-expr","locations":[{"start":{"line":37,"column":22},"end":{"line":37,"column":40}},{"start":{"line":37,"column":44},"end":{"line":37,"column":67}},{"start":{"line":37,"column":71},"end":{"line":37,"column":92}}],"line":37},"3":{"loc":{"start":{"line":42,"column":24},"end":{"line":42,"column":87}},"type":"binary-expr","locations":[{"start":{"line":42,"column":24},"end":{"line":42,"column":39}},{"start":{"line":42,"column":43},"end":{"line":42,"column":63}},{"start":{"line":42,"column":67},"end":{"line":42,"column":87}}],"line":42}},"s":{"0":1,"1":1,"2":1,"3":1,"4":0,"5":0,"6":1,"7":1,"8":1,"9":1,"10":1},"f":{"0":1,"1":1,"2":1},"b":{"0":[1,0],"1":[1,0],"2":[1,1,1],"3":[1,1,1]},"_coverageSchema":"332fd63041d2c1bcb487cc26dd0d5f7d97098a6c","hash":"34956a97b0c6f3b28ed90d137ded3433e9e0b281"}
,"/home/esksami/School/Olga-Verkkokauppa/imports/plugins/core/ui/client/components/clickToCopy/clickToCopy.js": {"path":"/home/esksami/School/Olga-Verkkokauppa/imports/plugins/core/ui/client/components/clickToCopy/clickToCopy.js","statementMap":{"0":{"start":{"line":8,"column":4},"end":{"line":8,"column":17}},"1":{"start":{"line":10,"column":4},"end":{"line":12,"column":6}},"2":{"start":{"line":14,"column":4},"end":{"line":14,"column":65}},"3":{"start":{"line":15,"column":4},"end":{"line":15,"column":63}},"4":{"start":{"line":19,"column":4},"end":{"line":19,"column":34}},"5":{"start":{"line":23,"column":4},"end":{"line":25,"column":7}},"6":{"start":{"line":29,"column":4},"end":{"line":31,"column":7}},"7":{"start":{"line":35,"column":4},"end":{"line":47,"column":5}},"8":{"start":{"line":36,"column":6},"end":{"line":40,"column":7}},"9":{"start":{"line":37,"column":8},"end":{"line":39,"column":10}},"10":{"start":{"line":42,"column":6},"end":{"line":46,"column":8}},"11":{"start":{"line":49,"column":4},"end":{"line":49,"column":16}},"12":{"start":{"line":53,"column":4},"end":{"line":70,"column":6}},"13":{"start":{"line":64,"column":26},"end":{"line":64,"column":57}},"14":{"start":{"line":74,"column":0},"end":{"line":80,"column":2}},"15":{"start":{"line":82,"column":0},"end":{"line":85,"column":2}}},"fnMap":{"0":{"name":"(anonymous_0)","decl":{"start":{"line":7,"column":2},"end":{"line":7,"column":3}},"loc":{"start":{"line":7,"column":21},"end":{"line":16,"column":3}},"line":7},"1":{"name":"(anonymous_1)","decl":{"start":{"line":18,"column":2},"end":{"line":18,"column":3}},"loc":{"start":{"line":18,"column":22},"end":{"line":20,"column":3}},"line":18},"2":{"name":"(anonymous_2)","decl":{"start":{"line":22,"column":2},"end":{"line":22,"column":3}},"loc":{"start":{"line":22,"column":23},"end":{"line":26,"column":3}},"line":22},"3":{"name":"(anonymous_3)","decl":{"start":{"line":28,"column":2},"end":{"line":28,"column":3}},"loc":{"start":{"line":28,"column":22},"end":{"line":32,"column":3}},"line":28},"4":{"name":"(anonymous_4)","decl":{"start":{"line":34,"column":2},"end":{"line":34,"column":3}},"loc":{"start":{"line":34,"column":25},"end":{"line":50,"column":3}},"line":34},"5":{"name":"(anonymous_5)","decl":{"start":{"line":52,"column":2},"end":{"line":52,"column":3}},"loc":{"start":{"line":52,"column":11},"end":{"line":71,"column":3}},"line":52},"6":{"name":"(anonymous_6)","decl":{"start":{"line":64,"column":20},"end":{"line":64,"column":21}},"loc":{"start":{"line":64,"column":26},"end":{"line":64,"column":57}},"line":64}},"branchMap":{"0":{"loc":{"start":{"line":24,"column":19},"end":{"line":24,"column":52}},"type":"cond-expr","locations":[{"start":{"line":24,"column":40},"end":{"line":24,"column":44}},{"start":{"line":24,"column":47},"end":{"line":24,"column":52}}],"line":24},"1":{"loc":{"start":{"line":35,"column":4},"end":{"line":47,"column":5}},"type":"if","locations":[{"start":{"line":35,"column":4},"end":{"line":47,"column":5}},{"start":{"line":35,"column":4},"end":{"line":47,"column":5}}],"line":35},"2":{"loc":{"start":{"line":36,"column":6},"end":{"line":40,"column":7}},"type":"if","locations":[{"start":{"line":36,"column":6},"end":{"line":40,"column":7}},{"start":{"line":36,"column":6},"end":{"line":40,"column":7}}],"line":36}},"s":{"0":1,"1":1,"2":1,"3":1,"4":1,"5":0,"6":0,"7":1,"8":0,"9":0,"10":0,"11":1,"12":1,"13":0,"14":1,"15":1},"f":{"0":1,"1":1,"2":0,"3":0,"4":1,"5":1,"6":0},"b":{"0":[0,0],"1":[0,1],"2":[0,0]},"_coverageSchema":"332fd63041d2c1bcb487cc26dd0d5f7d97098a6c","hash":"cd0c3b86906879376797057a9833ecdebd1df206"}
,"/home/esksami/School/Olga-Verkkokauppa/imports/plugins/core/ui/client/components/translation/translation.js": {"path":"/home/esksami/School/Olga-Verkkokauppa/imports/plugins/core/ui/client/components/translation/translation.js","statementMap":{"0":{"start":{"line":8,"column":20},"end":{"line":8,"column":76}},"1":{"start":{"line":10,"column":24},"end":{"line":12,"column":6}},"2":{"start":{"line":14,"column":4},"end":{"line":16,"column":6}},"3":{"start":{"line":20,"column":0},"end":{"line":23,"column":2}}},"fnMap":{"0":{"name":"(anonymous_0)","decl":{"start":{"line":7,"column":2},"end":{"line":7,"column":3}},"loc":{"start":{"line":7,"column":11},"end":{"line":17,"column":3}},"line":7}},"branchMap":{"0":{"loc":{"start":{"line":8,"column":20},"end":{"line":8,"column":76}},"type":"binary-expr","locations":[{"start":{"line":8,"column":20},"end":{"line":8,"column":38}},{"start":{"line":8,"column":42},"end":{"line":8,"column":76}}],"line":8}},"s":{"0":1,"1":1,"2":1,"3":1},"f":{"0":1},"b":{"0":[1,0]},"_coverageSchema":"332fd63041d2c1bcb487cc26dd0d5f7d97098a6c","hash":"9b53952473bf26a5d6bcd84c4166e416ea523f23"}
}
