TN:
SF:/home/esksami/School/Olga-Verkkokauppa/imports/plugins/core/layout/lib/blazeLayout.js
FN:14,(anonymous_0)
FN:21,(anonymous_1)
FN:45,(anonymous_2)
FN:50,(anonymous_3)
FN:55,(anonymous_4)
FNF:5
FNH:0
FNDA:0,(anonymous_0)
FNDA:0,(anonymous_1)
FNDA:0,(anonymous_2)
FNDA:0,(anonymous_3)
FNDA:0,(anonymous_4)
DA:15,0
DA:16,0
DA:17,0
DA:22,0
DA:25,0
DA:27,0
DA:28,0
DA:29,0
DA:30,0
DA:34,0
DA:35,0
DA:37,0
DA:43,0
DA:45,0
DA:52,0
DA:56,0
LF:16
LH:0
BRDA:15,0,0,0
BRDA:15,0,1,0
BRDA:27,1,0,0
BRDA:27,1,1,0
BRDA:29,2,0,0
BRDA:29,2,1,0
BRDA:34,3,0,0
BRDA:34,3,1,0
BRF:8
BRH:0
end_of_record
TN:
SF:/home/esksami/School/Olga-Verkkokauppa/imports/plugins/core/layout/lib/components.js
FN:5,registerComponent
FN:12,getComponent
FN:17,getAllComponents
FNF:3
FNH:0
FNDA:0,registerComponent
FNDA:0,getComponent
FNDA:0,getAllComponents
DA:3,1
DA:6,0
DA:13,0
DA:14,0
DA:18,0
LF:5
LH:1
BRDA:14,0,0,0
BRDA:14,0,1,0
BRDA:14,0,2,0
BRF:3
BRH:0
end_of_record
TN:
SF:/home/esksami/School/Olga-Verkkokauppa/imports/plugins/core/orders/client/components/orderSummary.js
FN:16,(anonymous_0)
FN:32,(anonymous_1)
FN:37,(anonymous_2)
FN:44,(anonymous_3)
FNF:4
FNH:3
FNDA:1,(anonymous_0)
FNDA:1,(anonymous_1)
FNDA:0,(anonymous_2)
FNDA:1,(anonymous_3)
DA:17,1
DA:19,1
DA:20,1
DA:21,0
DA:22,0
DA:23,0
DA:24,0
DA:25,0
DA:26,0
DA:29,0
DA:33,1
DA:34,1
DA:38,0
DA:39,0
DA:41,0
DA:45,1
DA:47,1
LF:17
LH:7
BRDA:19,0,0,1
BRDA:19,0,1,0
BRDA:21,1,0,0
BRDA:21,1,1,0
BRDA:23,2,0,0
BRDA:23,2,1,0
BRDA:25,3,0,0
BRDA:25,3,1,0
BRDA:121,4,0,1
BRDA:121,4,1,1
BRDA:124,5,0,0
BRDA:124,5,1,1
BRDA:148,6,0,1
BRDA:148,6,1,0
BRF:14
BRH:5
end_of_record
TN:
SF:/home/esksami/School/Olga-Verkkokauppa/imports/plugins/core/router/lib/hooks.js
FN:20,(anonymous_0)
FN:30,(anonymous_1)
FN:67,(anonymous_2)
FNF:3
FNH:0
FNDA:0,(anonymous_0)
FNDA:0,(anonymous_1)
FNDA:0,(anonymous_2)
DA:5,1
DA:12,0
DA:13,0
DA:15,0
DA:19,0
DA:20,0
DA:21,0
DA:24,0
DA:29,0
DA:30,0
DA:31,0
DA:34,0
DA:40,0
DA:41,0
DA:42,0
DA:45,0
DA:50,0
DA:51,0
DA:52,0
DA:55,0
DA:59,0
DA:60,0
DA:61,0
DA:65,0
DA:66,0
DA:67,0
DA:68,0
DA:71,0
LF:28
LH:1
BRDA:12,0,0,0
BRDA:12,0,1,0
BRDA:19,1,0,0
BRDA:19,1,1,0
BRDA:29,2,0,0
BRDA:29,2,1,0
BRDA:40,3,0,0
BRDA:40,3,1,0
BRDA:40,4,0,0
BRDA:40,4,1,0
BRDA:50,5,0,0
BRDA:50,5,1,0
BRDA:50,6,0,0
BRDA:50,6,1,0
BRDA:59,7,0,0
BRDA:59,7,1,0
BRDA:61,8,0,0
BRDA:61,8,1,0
BRDA:61,9,0,0
BRDA:61,9,1,0
BRDA:66,10,0,0
BRDA:66,10,1,0
BRDA:66,11,0,0
BRDA:66,11,1,0
BRF:24
BRH:0
end_of_record
TN:
SF:/home/esksami/School/Olga-Verkkokauppa/imports/plugins/core/router/lib/router.js
FN:44,(anonymous_0)
FN:48,(anonymous_1)
FN:52,(anonymous_2)
FN:57,(anonymous_3)
FN:61,(anonymous_4)
FN:65,(anonymous_5)
FN:69,(anonymous_6)
FN:74,(anonymous_7)
FN:80,(anonymous_8)
FN:87,(anonymous_9)
FN:94,(anonymous_10)
FN:107,(anonymous_11)
FN:119,(anonymous_12)
FN:130,(anonymous_13)
FN:168,(anonymous_14)
FN:171,(anonymous_15)
FN:190,(anonymous_16)
FN:203,(anonymous_17)
FN:216,(anonymous_18)
FN:231,(anonymous_19)
FN:265,hasRoutePermission
FN:286,getRegistryRouteName
FN:310,selectLayout
FN:327,ReactionLayout
FN:353,(anonymous_24)
FN:354,(anonymous_25)
FN:389,(anonymous_26)
FN:428,(anonymous_27)
FN:445,(anonymous_28)
FN:554,(anonymous_29)
FNF:30
FNH:6
FNDA:0,(anonymous_0)
FNDA:0,(anonymous_1)
FNDA:0,(anonymous_2)
FNDA:0,(anonymous_3)
FNDA:0,(anonymous_4)
FNDA:6,(anonymous_5)
FNDA:12,(anonymous_6)
FNDA:1,(anonymous_7)
FNDA:1,(anonymous_8)
FNDA:1,(anonymous_9)
FNDA:0,(anonymous_10)
FNDA:0,(anonymous_11)
FNDA:0,(anonymous_12)
FNDA:0,(anonymous_13)
FNDA:0,(anonymous_14)
FNDA:0,(anonymous_15)
FNDA:0,(anonymous_16)
FNDA:0,(anonymous_17)
FNDA:0,(anonymous_18)
FNDA:3,(anonymous_19)
FNDA:0,hasRoutePermission
FNDA:0,getRegistryRouteName
FNDA:0,selectLayout
FNDA:0,ReactionLayout
FNDA:0,(anonymous_24)
FNDA:0,(anonymous_25)
FNDA:0,(anonymous_26)
FNDA:0,(anonymous_27)
FNDA:0,(anonymous_28)
FNDA:0,(anonymous_29)
DA:25,1
DA:26,1
DA:27,1
DA:30,1
DA:31,0
DA:33,1
DA:45,0
DA:49,0
DA:53,0
DA:54,0
DA:58,0
DA:62,0
DA:66,6
DA:70,12
DA:71,12
DA:75,1
DA:77,1
DA:81,1
DA:82,1
DA:84,1
DA:88,1
DA:89,1
DA:91,1
DA:95,0
DA:96,0
DA:98,0
DA:99,0
DA:100,0
DA:104,0
DA:108,0
DA:119,1
DA:130,0
DA:131,0
DA:132,0
DA:134,0
DA:137,0
DA:143,0
DA:146,0
DA:149,0
DA:153,0
DA:156,0
DA:157,0
DA:161,0
DA:164,0
DA:168,1
DA:171,0
DA:172,0
DA:173,0
DA:175,0
DA:183,0
DA:184,0
DA:189,0
DA:190,0
DA:191,0
DA:192,0
DA:193,0
DA:197,0
DA:200,0
DA:203,1
DA:204,0
DA:211,0
DA:212,0
DA:216,1
DA:217,0
DA:219,0
DA:220,0
DA:231,1
DA:232,3
DA:233,3
DA:234,3
DA:236,3
DA:237,3
DA:239,3
DA:240,2
DA:244,3
DA:246,1
DA:247,2
DA:249,1
DA:250,1
DA:252,1
DA:256,0
DA:266,0
DA:268,0
DA:269,0
DA:270,0
DA:271,0
DA:274,0
DA:288,0
DA:289,0
DA:290,0
DA:291,0
DA:292,0
DA:294,0
DA:297,0
DA:298,0
DA:300,0
DA:311,0
DA:312,0
DA:313,0
DA:314,0
DA:316,0
DA:330,0
DA:335,0
DA:336,0
DA:340,0
DA:352,0
DA:353,0
DA:354,0
DA:356,0
DA:357,0
DA:372,0
DA:374,0
DA:375,0
DA:380,0
DA:381,0
DA:387,0
DA:390,0
DA:391,0
DA:392,0
DA:398,0
DA:399,0
DA:402,0
DA:403,0
DA:407,0
DA:408,0
DA:416,0
DA:428,1
DA:430,0
DA:431,0
DA:433,0
DA:434,0
DA:436,0
DA:437,0
DA:438,0
DA:443,0
DA:445,0
DA:446,0
DA:447,0
DA:449,0
DA:452,0
DA:453,0
DA:456,0
DA:468,0
DA:480,0
DA:481,0
DA:483,0
DA:484,0
DA:485,0
DA:487,0
DA:495,0
DA:498,0
DA:502,0
DA:503,0
DA:519,0
DA:526,0
DA:529,0
DA:531,0
DA:532,0
DA:533,0
DA:534,0
DA:535,0
DA:537,0
DA:538,0
DA:541,0
DA:553,0
DA:554,0
DA:555,0
DA:565,0
DA:566,0
DA:567,0
DA:569,0
LF:171
LH:35
BRDA:30,0,0,0
BRDA:30,0,1,1
BRDA:77,1,0,1
BRDA:77,1,1,1
BRDA:77,1,2,0
BRDA:84,2,0,1
BRDA:84,2,1,1
BRDA:84,2,2,0
BRDA:91,3,0,1
BRDA:91,3,1,1
BRDA:91,3,2,0
BRDA:99,4,0,0
BRDA:99,4,1,0
BRDA:99,5,0,0
BRDA:99,5,1,0
BRDA:119,6,0,0
BRDA:131,7,0,0
BRDA:131,7,1,0
BRDA:137,8,0,0
BRDA:137,8,1,0
BRDA:143,9,0,0
BRDA:143,9,1,0
BRDA:143,9,2,0
BRDA:156,10,0,0
BRDA:156,10,1,0
BRDA:156,11,0,0
BRDA:156,11,1,0
BRDA:172,12,0,0
BRDA:172,12,1,0
BRDA:172,13,0,0
BRDA:172,13,1,0
BRDA:183,14,0,0
BRDA:183,14,1,0
BRDA:189,15,0,0
BRDA:189,15,1,0
BRDA:191,16,0,0
BRDA:191,16,1,0
BRDA:211,17,0,0
BRDA:211,17,1,0
BRDA:219,18,0,0
BRDA:219,18,1,0
BRDA:220,19,0,0
BRDA:220,19,1,0
BRDA:236,20,0,3
BRDA:236,20,1,0
BRDA:239,21,0,2
BRDA:239,21,1,1
BRDA:239,22,0,3
BRDA:239,22,1,2
BRDA:244,23,0,1
BRDA:244,23,1,2
BRDA:244,24,0,3
BRDA:244,24,1,2
BRDA:244,24,2,1
BRDA:247,25,0,1
BRDA:247,25,1,1
BRDA:247,26,0,2
BRDA:247,26,1,1
BRDA:250,27,0,1
BRDA:250,27,1,0
BRDA:268,28,0,0
BRDA:268,28,1,0
BRDA:268,29,0,0
BRDA:268,29,1,0
BRDA:270,30,0,0
BRDA:270,30,1,0
BRDA:288,31,0,0
BRDA:288,31,1,0
BRDA:288,32,0,0
BRDA:288,32,1,0
BRDA:289,33,0,0
BRDA:289,33,1,0
BRDA:291,34,0,0
BRDA:291,34,1,0
BRDA:311,35,0,0
BRDA:311,35,1,0
BRDA:311,35,2,0
BRDA:312,36,0,0
BRDA:312,36,1,0
BRDA:312,36,2,0
BRDA:313,37,0,0
BRDA:313,37,1,0
BRDA:313,38,0,0
BRDA:313,38,1,0
BRDA:313,38,2,0
BRDA:327,39,0,0
BRDA:335,40,0,0
BRDA:335,40,1,0
BRDA:335,40,2,0
BRDA:336,41,0,0
BRDA:336,41,1,0
BRDA:336,41,2,0
BRDA:352,42,0,0
BRDA:352,42,1,0
BRDA:356,43,0,0
BRDA:356,43,1,0
BRDA:356,44,0,0
BRDA:356,44,1,0
BRDA:374,45,0,0
BRDA:374,45,1,0
BRDA:380,46,0,0
BRDA:380,46,1,0
BRDA:380,47,0,0
BRDA:380,47,1,0
BRDA:398,48,0,0
BRDA:398,48,1,0
BRDA:398,49,0,0
BRDA:398,49,1,0
BRDA:402,50,0,0
BRDA:402,50,1,0
BRDA:407,51,0,0
BRDA:407,51,1,0
BRDA:446,52,0,0
BRDA:446,52,1,0
BRDA:483,53,0,0
BRDA:483,53,1,0
BRDA:483,54,0,0
BRDA:483,54,1,0
BRDA:487,55,0,0
BRDA:487,55,1,0
BRDA:531,56,0,0
BRDA:531,56,1,0
BRDA:534,57,0,0
BRDA:534,57,1,0
BRF:124
BRH:22
end_of_record
TN:
SF:/home/esksami/School/Olga-Verkkokauppa/imports/plugins/core/ui/client/components/badge/badge.js
FN:7,(anonymous_0)
FN:11,(anonymous_1)
FN:31,(anonymous_2)
FNF:3
FNH:3
FNDA:1,(anonymous_0)
FNDA:1,(anonymous_1)
FNDA:1,(anonymous_2)
DA:8,1
DA:12,1
DA:13,1
DA:14,1
DA:21,0
DA:28,0
DA:32,1
DA:34,1
DA:49,1
DA:57,1
DA:65,1
LF:11
LH:9
BRDA:12,0,0,1
BRDA:12,0,1,0
BRDA:13,1,0,1
BRDA:13,1,1,0
BRDA:37,2,0,1
BRDA:37,2,1,1
BRDA:37,2,2,1
BRDA:42,3,0,1
BRDA:42,3,1,1
BRDA:42,3,2,1
BRF:10
BRH:8
end_of_record
TN:
SF:/home/esksami/School/Olga-Verkkokauppa/imports/plugins/core/ui/client/components/clickToCopy/clickToCopy.js
FN:7,(anonymous_0)
FN:18,(anonymous_1)
FN:22,(anonymous_2)
FN:28,(anonymous_3)
FN:34,(anonymous_4)
FN:52,(anonymous_5)
FN:64,(anonymous_6)
FNF:7
FNH:4
FNDA:1,(anonymous_0)
FNDA:1,(anonymous_1)
FNDA:0,(anonymous_2)
FNDA:0,(anonymous_3)
FNDA:1,(anonymous_4)
FNDA:1,(anonymous_5)
FNDA:0,(anonymous_6)
DA:8,1
DA:10,1
DA:14,1
DA:15,1
DA:19,1
DA:23,0
DA:29,0
DA:35,1
DA:36,0
DA:37,0
DA:42,0
DA:49,1
DA:53,1
DA:64,0
DA:74,1
DA:82,1
LF:16
LH:10
BRDA:24,0,0,0
BRDA:24,0,1,0
BRDA:35,1,0,0
BRDA:35,1,1,1
BRDA:36,2,0,0
BRDA:36,2,1,0
BRF:6
BRH:1
end_of_record
TN:
SF:/home/esksami/School/Olga-Verkkokauppa/imports/plugins/core/ui/client/components/translation/translation.js
FN:7,(anonymous_0)
FNF:1
FNH:1
FNDA:1,(anonymous_0)
DA:8,1
DA:10,1
DA:14,1
DA:20,1
LF:4
LH:4
BRDA:8,0,0,1
BRDA:8,0,1,0
BRF:2
BRH:1
end_of_record
